Copyright 1986-2022 Xilinx, Inc. All Rights Reserved. Copyright 2022-2024 Advanced Micro Devices, Inc. All Rights Reserved.
---------------------------------------------------------------------------------------------------------------------------------------------
| Tool Version : Vivado v.2024.2 (win64) Build 5239630 Fri Nov 08 22:35:27 MST 2024
| Date         : Tue Mar 18 11:18:17 2025
| Host         : Freddie running 64-bit major release  (build 9200)
| Command      : report_control_sets -verbose -file alchitry_top_control_sets_placed.rpt
| Design       : alchitry_top
| Device       : xc7a35t
---------------------------------------------------------------------------------------------------------------------------------------------

Control Set Information

Table of Contents
-----------------
1. Summary
2. Histogram
3. Flip-Flop Distribution
4. Detailed Control Set Information

1. Summary
----------

+----------------------------------------------------------+-------+
|                          Status                          | Count |
+----------------------------------------------------------+-------+
| Total control sets                                       |     6 |
|    Minimum number of control sets                        |     6 |
|    Addition due to synthesis replication                 |     0 |
|    Addition due to physical synthesis replication        |     0 |
| Unused register locations in slices containing registers |    10 |
+----------------------------------------------------------+-------+
* Control sets can be merged at opt_design using control_set_merge or merge_equivalent_drivers
** Run report_qor_suggestions for automated merging and remapping suggestions


2. Histogram
------------

+--------------------+-------+
|       Fanout       | Count |
+--------------------+-------+
| Total control sets |     6 |
| >= 0 to < 4        |     0 |
| >= 4 to < 6        |     1 |
| >= 6 to < 8        |     0 |
| >= 8 to < 10       |     0 |
| >= 10 to < 12      |     0 |
| >= 12 to < 14      |     0 |
| >= 14 to < 16      |     0 |
| >= 16              |     5 |
+--------------------+-------+
* Control sets can be remapped at either synth_design or opt_design


3. Flip-Flop Distribution
-------------------------

+--------------+-----------------------+------------------------+-----------------+--------------+
| Clock Enable | Synchronous Set/Reset | Asynchronous Set/Reset | Total Registers | Total Slices |
+--------------+-----------------------+------------------------+-----------------+--------------+
| No           | No                    | No                     |              18 |            5 |
| No           | No                    | Yes                    |               0 |            0 |
| No           | Yes                   | No                     |               4 |            2 |
| Yes          | No                    | No                     |               0 |            0 |
| Yes          | No                    | Yes                    |               0 |            0 |
| Yes          | Yes                   | No                     |              64 |           32 |
+--------------+-----------------------+------------------------+-----------------+--------------+


4. Detailed Control Set Information
-----------------------------------

+----------------+----------------------+----------------------------+------------------+----------------+--------------+
|  Clock Signal  |     Enable Signal    |      Set/Reset Signal      | Slice Load Count | Bel Load Count | Bels / Slice |
+----------------+----------------------+----------------------------+------------------+----------------+--------------+
|  clk_IBUF_BUFG |                      | reset_cond/M_reset_cond_in |                2 |              4 |         2.00 |
|  clk_IBUF_BUFG | alu_manual/D_a_d[24] | reset_cond/Q[0]            |                7 |             16 |         2.29 |
|  clk_IBUF_BUFG | alu_manual/D_a_d[7]  | reset_cond/Q[0]            |                7 |             16 |         2.29 |
|  clk_IBUF_BUFG | alu_manual/D_b_d[0]  | reset_cond/Q[0]            |                6 |             16 |         2.67 |
|  clk_IBUF_BUFG | alu_manual/D_b_d[16] | reset_cond/Q[0]            |               12 |             16 |         1.33 |
|  clk_IBUF_BUFG |                      |                            |                5 |             18 |         3.60 |
+----------------+----------------------+----------------------------+------------------+----------------+--------------+


