
*** Running vivado
    with args -log alchitry_top.vds -m64 -product Vivado -mode batch -messageDb vivado.pb -notrace -source alchitry_top.tcl


ECHO is off.
ECHO is off.

****** Vivado v2023.2 (64-bit)
  **** SW Build 4029153 on Fri Oct 13 20:14:34 MDT 2023
  **** IP Build 4028589 on Sat Oct 14 00:45:43 MDT 2023
  **** SharedData Build 4025554 on Tue Oct 10 17:18:54 MDT 2023
    ** Copyright 1986-2022 Xilinx, Inc. All Rights Reserved.
    ** Copyright 2022-2023 Advanced Micro Devices, Inc. All Rights Reserved.

source alchitry_top.tcl -notrace
create_project: Time (s): cpu = 00:00:07 ; elapsed = 00:00:07 . Memory (MB): peak = 451.852 ; gain = 181.648
Command: synth_design -top alchitry_top -part xc7a35tftg256-1
Starting synth_design
Attempting to get a license for feature 'Synthesis' and/or device 'xc7a35t'
INFO: [Common 17-349] Got license for feature 'Synthesis' and/or device 'xc7a35t'
INFO: [Device 21-403] Loading part xc7a35tftg256-1
INFO: [Synth 8-7079] Multithreading enabled for synth_design using a maximum of 2 processes.
INFO: [Synth 8-7078] Launching helper process for spawning children vivado processes
INFO: [Synth 8-7075] Helper process launched with PID 30080
---------------------------------------------------------------------------------
Starting RTL Elaboration : Time (s): cpu = 00:00:07 ; elapsed = 00:00:08 . Memory (MB): peak = 1284.164 ; gain = 438.988
---------------------------------------------------------------------------------
INFO: [Synth 8-6157] synthesizing module 'alchitry_top' [C:/Users/User/FINAL_WORKING_GAME/build/vivado/FINAL_WORKING_GAME.srcs/sources_1/imports/source/alchitry_top.sv:7]
INFO: [Synth 8-6157] synthesizing module 'edge_detector' [C:/Users/User/FINAL_WORKING_GAME/build/vivado/FINAL_WORKING_GAME.srcs/sources_1/imports/source/edge_detector.sv:7]
	Parameter RISE bound to: 1'b1 
	Parameter FALL bound to: 1'b0 
INFO: [Synth 8-6155] done synthesizing module 'edge_detector' (0#1) [C:/Users/User/FINAL_WORKING_GAME/build/vivado/FINAL_WORKING_GAME.srcs/sources_1/imports/source/edge_detector.sv:7]
INFO: [Synth 8-6157] synthesizing module 'button_conditioner' [C:/Users/User/FINAL_WORKING_GAME/build/vivado/FINAL_WORKING_GAME.srcs/sources_1/imports/source/button_conditioner.sv:7]
	Parameter CLK_FREQ bound to: 24'b100110001001011010000000 
	Parameter MIN_DELAY bound to: 5'b10100 
	Parameter NUM_SYNC bound to: 2'b10 
INFO: [Synth 8-6157] synthesizing module 'pipeline' [C:/Users/User/FINAL_WORKING_GAME/build/vivado/FINAL_WORKING_GAME.srcs/sources_1/imports/source/pipeline.sv:7]
	Parameter DEPTH bound to: 2'b10 
INFO: [Synth 8-6155] done synthesizing module 'pipeline' (0#1) [C:/Users/User/FINAL_WORKING_GAME/build/vivado/FINAL_WORKING_GAME.srcs/sources_1/imports/source/pipeline.sv:7]
INFO: [Synth 8-6155] done synthesizing module 'button_conditioner' (0#1) [C:/Users/User/FINAL_WORKING_GAME/build/vivado/FINAL_WORKING_GAME.srcs/sources_1/imports/source/button_conditioner.sv:7]
INFO: [Synth 8-6157] synthesizing module 'reset_conditioner' [C:/Users/User/FINAL_WORKING_GAME/build/vivado/FINAL_WORKING_GAME.srcs/sources_1/imports/source/reset_conditioner.sv:7]
	Parameter STAGES bound to: 3'b100 
INFO: [Synth 8-6155] done synthesizing module 'reset_conditioner' (0#1) [C:/Users/User/FINAL_WORKING_GAME/build/vivado/FINAL_WORKING_GAME.srcs/sources_1/imports/source/reset_conditioner.sv:7]
INFO: [Synth 8-6157] synthesizing module 'game_data_path' [C:/Users/User/FINAL_WORKING_GAME/build/vivado/FINAL_WORKING_GAME.srcs/sources_1/imports/source/game_data_path.sv:7]
	Parameter COLUMN_DIMENSION bound to: 16'b0000000000010000 
	Parameter ROW_DIMENSION bound to: 16'b0000000000010000 
	Parameter PIXEL_COUNT bound to: 16'b0000000100000000 
	Parameter BUFFER_SIZE bound to: 11'b10000000000 
	Parameter BULLET_SLOW_CLK_DIV bound to: 5'b10110 
	Parameter FAST_CLOCK_DIV bound to: 5'b10101 
	Parameter ENEMY_A_SLOW_CLK_DIV bound to: 5'b10101 
	Parameter TIMER_SLOW_CLK_DIV bound to: 5'b11010 
INFO: [Synth 8-6157] synthesizing module 'alu' [C:/Users/User/FINAL_WORKING_GAME/build/vivado/FINAL_WORKING_GAME.srcs/sources_1/imports/source/alu.sv:7]
INFO: [Synth 8-6157] synthesizing module 'bullet_moving_encode' [C:/Users/User/FINAL_WORKING_GAME/build/vivado/FINAL_WORKING_GAME.srcs/sources_1/imports/source/bullet_moving_encode.sv:7]
INFO: [Synth 8-6155] done synthesizing module 'bullet_moving_encode' (0#1) [C:/Users/User/FINAL_WORKING_GAME/build/vivado/FINAL_WORKING_GAME.srcs/sources_1/imports/source/bullet_moving_encode.sv:7]
INFO: [Synth 8-6157] synthesizing module 'bullet_encode' [C:/Users/User/FINAL_WORKING_GAME/build/vivado/FINAL_WORKING_GAME.srcs/sources_1/imports/source/bullet_encode.sv:7]
INFO: [Synth 8-6155] done synthesizing module 'bullet_encode' (0#1) [C:/Users/User/FINAL_WORKING_GAME/build/vivado/FINAL_WORKING_GAME.srcs/sources_1/imports/source/bullet_encode.sv:7]
INFO: [Synth 8-6157] synthesizing module 'enemy_color_encode' [C:/Users/User/FINAL_WORKING_GAME/build/vivado/FINAL_WORKING_GAME.srcs/sources_1/imports/source/enemy_color_encode.sv:7]
INFO: [Synth 8-6155] done synthesizing module 'enemy_color_encode' (0#1) [C:/Users/User/FINAL_WORKING_GAME/build/vivado/FINAL_WORKING_GAME.srcs/sources_1/imports/source/enemy_color_encode.sv:7]
INFO: [Synth 8-6155] done synthesizing module 'alu' (0#1) [C:/Users/User/FINAL_WORKING_GAME/build/vivado/FINAL_WORKING_GAME.srcs/sources_1/imports/source/alu.sv:7]
INFO: [Synth 8-6157] synthesizing module 'counter' [C:/Users/User/FINAL_WORKING_GAME/build/vivado/FINAL_WORKING_GAME.srcs/sources_1/imports/source/counter.sv:7]
	Parameter SIZE bound to: 1'b1 
	Parameter DIV bound to: 5'b10110 
	Parameter TOP bound to: 1'b0 
	Parameter UP bound to: 1'b1 
INFO: [Synth 8-6155] done synthesizing module 'counter' (0#1) [C:/Users/User/FINAL_WORKING_GAME/build/vivado/FINAL_WORKING_GAME.srcs/sources_1/imports/source/counter.sv:7]
INFO: [Synth 8-6157] synthesizing module 'counter__parameterized0' [C:/Users/User/FINAL_WORKING_GAME/build/vivado/FINAL_WORKING_GAME.srcs/sources_1/imports/source/counter.sv:7]
	Parameter SIZE bound to: 1'b1 
	Parameter DIV bound to: 5'b10101 
	Parameter TOP bound to: 1'b0 
	Parameter UP bound to: 1'b1 
INFO: [Synth 8-6155] done synthesizing module 'counter__parameterized0' (0#1) [C:/Users/User/FINAL_WORKING_GAME/build/vivado/FINAL_WORKING_GAME.srcs/sources_1/imports/source/counter.sv:7]
INFO: [Synth 8-6157] synthesizing module 'counter__parameterized1' [C:/Users/User/FINAL_WORKING_GAME/build/vivado/FINAL_WORKING_GAME.srcs/sources_1/imports/source/counter.sv:7]
	Parameter SIZE bound to: 1'b1 
	Parameter DIV bound to: 5'b11010 
	Parameter TOP bound to: 1'b0 
	Parameter UP bound to: 1'b1 
INFO: [Synth 8-6155] done synthesizing module 'counter__parameterized1' (0#1) [C:/Users/User/FINAL_WORKING_GAME/build/vivado/FINAL_WORKING_GAME.srcs/sources_1/imports/source/counter.sv:7]
INFO: [Synth 8-6157] synthesizing module 'game_cu' [C:/Users/User/FINAL_WORKING_GAME/build/vivado/FINAL_WORKING_GAME.srcs/sources_1/imports/source/game_cu.sv:7]
	Parameter COLUMN_DIMENSION bound to: 16'b0000000000010000 
	Parameter ROW_DIMENSION bound to: 16'b0000000000010000 
	Parameter PIXEL_COUNT bound to: 16'b0000000100000000 
	Parameter BUFFER_SIZE bound to: 11'b10000000000 
INFO: [Synth 8-155] case statement is not full and has no default [C:/Users/User/FINAL_WORKING_GAME/build/vivado/FINAL_WORKING_GAME.srcs/sources_1/imports/source/game_cu.sv:145]
INFO: [Synth 8-6155] done synthesizing module 'game_cu' (0#1) [C:/Users/User/FINAL_WORKING_GAME/build/vivado/FINAL_WORKING_GAME.srcs/sources_1/imports/source/game_cu.sv:7]
INFO: [Synth 8-6157] synthesizing module 'game_regfile' [C:/Users/User/FINAL_WORKING_GAME/build/vivado/FINAL_WORKING_GAME.srcs/sources_1/imports/source/game_regfile.sv:7]
	Parameter COLUMN_DIMENSION bound to: 16'b0000000000010000 
	Parameter ROW_DIMENSION bound to: 16'b0000000000010000 
INFO: [Synth 8-155] case statement is not full and has no default [C:/Users/User/FINAL_WORKING_GAME/build/vivado/FINAL_WORKING_GAME.srcs/sources_1/imports/source/game_regfile.sv:101]
INFO: [Synth 8-6155] done synthesizing module 'game_regfile' (0#1) [C:/Users/User/FINAL_WORKING_GAME/build/vivado/FINAL_WORKING_GAME.srcs/sources_1/imports/source/game_regfile.sv:7]
INFO: [Synth 8-6157] synthesizing module 'enemy_rom' [C:/Users/User/FINAL_WORKING_GAME/build/vivado/FINAL_WORKING_GAME.srcs/sources_1/imports/source/enemy_rom.sv:7]
	Parameter COLUMN_DIMENSION bound to: 16'b0000000000010000 
	Parameter ROW_DIMENSION bound to: 16'b0000000000010000 
INFO: [Synth 8-6155] done synthesizing module 'enemy_rom' (0#1) [C:/Users/User/FINAL_WORKING_GAME/build/vivado/FINAL_WORKING_GAME.srcs/sources_1/imports/source/enemy_rom.sv:7]
WARNING: [Synth 8-689] width (32) of port connection 'enemy_stage_pointer_out' does not match port width (3) of module 'enemy_rom' [C:/Users/User/FINAL_WORKING_GAME/build/vivado/FINAL_WORKING_GAME.srcs/sources_1/imports/source/game_data_path.sv:271]
INFO: [Synth 8-6157] synthesizing module 'ram_mode' [C:/Users/User/FINAL_WORKING_GAME/build/vivado/FINAL_WORKING_GAME.srcs/sources_1/imports/source/ram_mode.sv:7]
	Parameter COLUMN_DIMENSION bound to: 16'b0000000000010000 
	Parameter ROW_DIMENSION bound to: 16'b0000000000010000 
	Parameter PIXEL_COUNT bound to: 16'b0000000100000000 
	Parameter BUFFER_SIZE bound to: 11'b10000000000 
INFO: [Synth 8-6157] synthesizing module 'index_reverser' [C:/Users/User/FINAL_WORKING_GAME/build/vivado/FINAL_WORKING_GAME.srcs/sources_1/imports/source/index_reverser.sv:7]
	Parameter SIZE bound to: 8 - type: integer 
	Parameter COLUMN_DIMENSION bound to: 16'b0000000000010000 
INFO: [Synth 8-6155] done synthesizing module 'index_reverser' (0#1) [C:/Users/User/FINAL_WORKING_GAME/build/vivado/FINAL_WORKING_GAME.srcs/sources_1/imports/source/index_reverser.sv:7]
INFO: [Synth 8-6157] synthesizing module 'game_end_rom' [C:/Users/User/FINAL_WORKING_GAME/build/vivado/FINAL_WORKING_GAME.srcs/sources_1/imports/source/game_end_rom.sv:7]
	Parameter COLUMN_DIMENSION bound to: 16'b0000000000010000 
	Parameter ROW_DIMENSION bound to: 16'b0000000000010000 
INFO: [Synth 8-6155] done synthesizing module 'game_end_rom' (0#1) [C:/Users/User/FINAL_WORKING_GAME/build/vivado/FINAL_WORKING_GAME.srcs/sources_1/imports/source/game_end_rom.sv:7]
INFO: [Synth 8-6157] synthesizing module 'bomb_animation_rom' [C:/Users/User/FINAL_WORKING_GAME/build/vivado/FINAL_WORKING_GAME.srcs/sources_1/imports/source/bomb_animation_rom.sv:7]
	Parameter COLUMN_DIMENSION bound to: 16'b0000000000010000 
INFO: [Synth 8-6155] done synthesizing module 'bomb_animation_rom' (0#1) [C:/Users/User/FINAL_WORKING_GAME/build/vivado/FINAL_WORKING_GAME.srcs/sources_1/imports/source/bomb_animation_rom.sv:7]
INFO: [Synth 8-6157] synthesizing module 'data_ram' [C:/Users/User/FINAL_WORKING_GAME/build/vivado/FINAL_WORKING_GAME.srcs/sources_1/imports/source/data_ram.sv:7]
	Parameter ROW_DIMENSION bound to: 16'b0000000000010000 
	Parameter COLUMN_DIMENSION bound to: 16'b0000000000010000 
	Parameter ENCODING_AMOUNT bound to: 3'b101 
INFO: [Synth 8-6157] synthesizing module 'simple_dual_port_ram' [C:/Users/User/FINAL_WORKING_GAME/build/vivado/FINAL_WORKING_GAME.srcs/sources_1/imports/source/simple_dual_port_ram.v:47]
	Parameter WIDTH bound to: 3 - type: integer 
	Parameter ENTRIES bound to: 16'b0000000100000000 
INFO: [Synth 8-6155] done synthesizing module 'simple_dual_port_ram' (0#1) [C:/Users/User/FINAL_WORKING_GAME/build/vivado/FINAL_WORKING_GAME.srcs/sources_1/imports/source/simple_dual_port_ram.v:47]
INFO: [Synth 8-155] case statement is not full and has no default [C:/Users/User/FINAL_WORKING_GAME/build/vivado/FINAL_WORKING_GAME.srcs/sources_1/imports/source/data_ram.sv:137]
INFO: [Synth 8-6155] done synthesizing module 'data_ram' (0#1) [C:/Users/User/FINAL_WORKING_GAME/build/vivado/FINAL_WORKING_GAME.srcs/sources_1/imports/source/data_ram.sv:7]
INFO: [Synth 8-6157] synthesizing module 'ws2812b_driver' [C:/Users/User/FINAL_WORKING_GAME/build/vivado/FINAL_WORKING_GAME.srcs/sources_1/imports/source/ws2812b_driver.sv:7]
	Parameter PIXEL_COUNT bound to: 16'b0000000100000000 
INFO: [Synth 8-155] case statement is not full and has no default [C:/Users/User/FINAL_WORKING_GAME/build/vivado/FINAL_WORKING_GAME.srcs/sources_1/imports/source/ws2812b_driver.sv:59]
INFO: [Synth 8-6155] done synthesizing module 'ws2812b_driver' (0#1) [C:/Users/User/FINAL_WORKING_GAME/build/vivado/FINAL_WORKING_GAME.srcs/sources_1/imports/source/ws2812b_driver.sv:7]
INFO: [Synth 8-6155] done synthesizing module 'ram_mode' (0#1) [C:/Users/User/FINAL_WORKING_GAME/build/vivado/FINAL_WORKING_GAME.srcs/sources_1/imports/source/ram_mode.sv:7]
WARNING: [Synth 8-689] width (32) of port connection 'bullet_active_out' does not match port width (1) of module 'ram_mode' [C:/Users/User/FINAL_WORKING_GAME/build/vivado/FINAL_WORKING_GAME.srcs/sources_1/imports/source/game_data_path.sv:302]
WARNING: [Synth 8-689] width (32) of port connection 'enemy_A_x_out' does not match port width (8) of module 'ram_mode' [C:/Users/User/FINAL_WORKING_GAME/build/vivado/FINAL_WORKING_GAME.srcs/sources_1/imports/source/game_data_path.sv:305]
WARNING: [Synth 8-689] width (32) of port connection 'enemy_A_y_out' does not match port width (8) of module 'ram_mode' [C:/Users/User/FINAL_WORKING_GAME/build/vivado/FINAL_WORKING_GAME.srcs/sources_1/imports/source/game_data_path.sv:306]
WARNING: [Synth 8-689] width (32) of port connection 'enemy_A_color_out' does not match port width (8) of module 'ram_mode' [C:/Users/User/FINAL_WORKING_GAME/build/vivado/FINAL_WORKING_GAME.srcs/sources_1/imports/source/game_data_path.sv:307]
WARNING: [Synth 8-689] width (32) of port connection 'enemy_B_x_out' does not match port width (8) of module 'ram_mode' [C:/Users/User/FINAL_WORKING_GAME/build/vivado/FINAL_WORKING_GAME.srcs/sources_1/imports/source/game_data_path.sv:308]
WARNING: [Synth 8-689] width (32) of port connection 'enemy_B_y_out' does not match port width (8) of module 'ram_mode' [C:/Users/User/FINAL_WORKING_GAME/build/vivado/FINAL_WORKING_GAME.srcs/sources_1/imports/source/game_data_path.sv:309]
WARNING: [Synth 8-689] width (32) of port connection 'enemy_B_color_out' does not match port width (8) of module 'ram_mode' [C:/Users/User/FINAL_WORKING_GAME/build/vivado/FINAL_WORKING_GAME.srcs/sources_1/imports/source/game_data_path.sv:310]
WARNING: [Synth 8-689] width (32) of port connection 'enemy_C_x_out' does not match port width (8) of module 'ram_mode' [C:/Users/User/FINAL_WORKING_GAME/build/vivado/FINAL_WORKING_GAME.srcs/sources_1/imports/source/game_data_path.sv:311]
WARNING: [Synth 8-689] width (32) of port connection 'enemy_C_y_out' does not match port width (8) of module 'ram_mode' [C:/Users/User/FINAL_WORKING_GAME/build/vivado/FINAL_WORKING_GAME.srcs/sources_1/imports/source/game_data_path.sv:312]
WARNING: [Synth 8-689] width (32) of port connection 'enemy_C_color_out' does not match port width (8) of module 'ram_mode' [C:/Users/User/FINAL_WORKING_GAME/build/vivado/FINAL_WORKING_GAME.srcs/sources_1/imports/source/game_data_path.sv:313]
INFO: [Synth 8-226] default block is never used [C:/Users/User/FINAL_WORKING_GAME/build/vivado/FINAL_WORKING_GAME.srcs/sources_1/imports/source/game_data_path.sv:385]
INFO: [Synth 8-6155] done synthesizing module 'game_data_path' (0#1) [C:/Users/User/FINAL_WORKING_GAME/build/vivado/FINAL_WORKING_GAME.srcs/sources_1/imports/source/game_data_path.sv:7]
INFO: [Synth 8-6155] done synthesizing module 'alchitry_top' (0#1) [C:/Users/User/FINAL_WORKING_GAME/build/vivado/FINAL_WORKING_GAME.srcs/sources_1/imports/source/alchitry_top.sv:7]
WARNING: [Synth 8-7129] Port player_pos_x_out[31] in module ram_mode is either unconnected or has no load
WARNING: [Synth 8-7129] Port player_pos_x_out[30] in module ram_mode is either unconnected or has no load
WARNING: [Synth 8-7129] Port player_pos_x_out[29] in module ram_mode is either unconnected or has no load
WARNING: [Synth 8-7129] Port player_pos_x_out[28] in module ram_mode is either unconnected or has no load
WARNING: [Synth 8-7129] Port player_pos_x_out[27] in module ram_mode is either unconnected or has no load
WARNING: [Synth 8-7129] Port player_pos_x_out[26] in module ram_mode is either unconnected or has no load
WARNING: [Synth 8-7129] Port player_pos_x_out[25] in module ram_mode is either unconnected or has no load
WARNING: [Synth 8-7129] Port player_pos_x_out[24] in module ram_mode is either unconnected or has no load
WARNING: [Synth 8-7129] Port player_pos_x_out[23] in module ram_mode is either unconnected or has no load
WARNING: [Synth 8-7129] Port player_pos_x_out[22] in module ram_mode is either unconnected or has no load
WARNING: [Synth 8-7129] Port player_pos_x_out[21] in module ram_mode is either unconnected or has no load
WARNING: [Synth 8-7129] Port player_pos_x_out[20] in module ram_mode is either unconnected or has no load
WARNING: [Synth 8-7129] Port player_pos_x_out[19] in module ram_mode is either unconnected or has no load
WARNING: [Synth 8-7129] Port player_pos_x_out[18] in module ram_mode is either unconnected or has no load
WARNING: [Synth 8-7129] Port player_pos_x_out[17] in module ram_mode is either unconnected or has no load
WARNING: [Synth 8-7129] Port player_pos_x_out[16] in module ram_mode is either unconnected or has no load
WARNING: [Synth 8-7129] Port player_pos_x_out[15] in module ram_mode is either unconnected or has no load
WARNING: [Synth 8-7129] Port player_pos_x_out[14] in module ram_mode is either unconnected or has no load
WARNING: [Synth 8-7129] Port player_pos_x_out[13] in module ram_mode is either unconnected or has no load
WARNING: [Synth 8-7129] Port player_pos_x_out[12] in module ram_mode is either unconnected or has no load
WARNING: [Synth 8-7129] Port player_pos_x_out[11] in module ram_mode is either unconnected or has no load
WARNING: [Synth 8-7129] Port player_pos_x_out[10] in module ram_mode is either unconnected or has no load
WARNING: [Synth 8-7129] Port player_pos_x_out[9] in module ram_mode is either unconnected or has no load
WARNING: [Synth 8-7129] Port player_pos_x_out[8] in module ram_mode is either unconnected or has no load
WARNING: [Synth 8-7129] Port player_pos_x_out[7] in module ram_mode is either unconnected or has no load
WARNING: [Synth 8-7129] Port player_pos_x_out[6] in module ram_mode is either unconnected or has no load
WARNING: [Synth 8-7129] Port player_pos_x_out[5] in module ram_mode is either unconnected or has no load
WARNING: [Synth 8-7129] Port player_pos_x_out[4] in module ram_mode is either unconnected or has no load
WARNING: [Synth 8-7129] Port player_pos_y_out[31] in module ram_mode is either unconnected or has no load
WARNING: [Synth 8-7129] Port player_pos_y_out[30] in module ram_mode is either unconnected or has no load
WARNING: [Synth 8-7129] Port player_pos_y_out[29] in module ram_mode is either unconnected or has no load
WARNING: [Synth 8-7129] Port player_pos_y_out[28] in module ram_mode is either unconnected or has no load
WARNING: [Synth 8-7129] Port player_pos_y_out[27] in module ram_mode is either unconnected or has no load
WARNING: [Synth 8-7129] Port player_pos_y_out[26] in module ram_mode is either unconnected or has no load
WARNING: [Synth 8-7129] Port player_pos_y_out[25] in module ram_mode is either unconnected or has no load
WARNING: [Synth 8-7129] Port player_pos_y_out[24] in module ram_mode is either unconnected or has no load
WARNING: [Synth 8-7129] Port player_pos_y_out[23] in module ram_mode is either unconnected or has no load
WARNING: [Synth 8-7129] Port player_pos_y_out[22] in module ram_mode is either unconnected or has no load
WARNING: [Synth 8-7129] Port player_pos_y_out[21] in module ram_mode is either unconnected or has no load
WARNING: [Synth 8-7129] Port player_pos_y_out[20] in module ram_mode is either unconnected or has no load
WARNING: [Synth 8-7129] Port player_pos_y_out[19] in module ram_mode is either unconnected or has no load
WARNING: [Synth 8-7129] Port player_pos_y_out[18] in module ram_mode is either unconnected or has no load
WARNING: [Synth 8-7129] Port player_pos_y_out[17] in module ram_mode is either unconnected or has no load
WARNING: [Synth 8-7129] Port player_pos_y_out[16] in module ram_mode is either unconnected or has no load
WARNING: [Synth 8-7129] Port player_pos_y_out[15] in module ram_mode is either unconnected or has no load
WARNING: [Synth 8-7129] Port player_pos_y_out[14] in module ram_mode is either unconnected or has no load
WARNING: [Synth 8-7129] Port player_pos_y_out[13] in module ram_mode is either unconnected or has no load
WARNING: [Synth 8-7129] Port player_pos_y_out[12] in module ram_mode is either unconnected or has no load
WARNING: [Synth 8-7129] Port player_pos_y_out[11] in module ram_mode is either unconnected or has no load
WARNING: [Synth 8-7129] Port player_pos_y_out[10] in module ram_mode is either unconnected or has no load
WARNING: [Synth 8-7129] Port player_pos_y_out[9] in module ram_mode is either unconnected or has no load
WARNING: [Synth 8-7129] Port player_pos_y_out[8] in module ram_mode is either unconnected or has no load
WARNING: [Synth 8-7129] Port player_pos_y_out[7] in module ram_mode is either unconnected or has no load
WARNING: [Synth 8-7129] Port player_pos_y_out[6] in module ram_mode is either unconnected or has no load
WARNING: [Synth 8-7129] Port player_pos_y_out[5] in module ram_mode is either unconnected or has no load
WARNING: [Synth 8-7129] Port player_pos_y_out[4] in module ram_mode is either unconnected or has no load
WARNING: [Synth 8-7129] Port bullet_colour_out[31] in module ram_mode is either unconnected or has no load
WARNING: [Synth 8-7129] Port bullet_colour_out[30] in module ram_mode is either unconnected or has no load
WARNING: [Synth 8-7129] Port bullet_colour_out[29] in module ram_mode is either unconnected or has no load
WARNING: [Synth 8-7129] Port bullet_colour_out[28] in module ram_mode is either unconnected or has no load
WARNING: [Synth 8-7129] Port bullet_colour_out[27] in module ram_mode is either unconnected or has no load
WARNING: [Synth 8-7129] Port bullet_colour_out[26] in module ram_mode is either unconnected or has no load
WARNING: [Synth 8-7129] Port bullet_colour_out[25] in module ram_mode is either unconnected or has no load
WARNING: [Synth 8-7129] Port bullet_colour_out[24] in module ram_mode is either unconnected or has no load
WARNING: [Synth 8-7129] Port bullet_colour_out[23] in module ram_mode is either unconnected or has no load
WARNING: [Synth 8-7129] Port bullet_colour_out[22] in module ram_mode is either unconnected or has no load
WARNING: [Synth 8-7129] Port bullet_colour_out[21] in module ram_mode is either unconnected or has no load
WARNING: [Synth 8-7129] Port bullet_colour_out[20] in module ram_mode is either unconnected or has no load
WARNING: [Synth 8-7129] Port bullet_colour_out[19] in module ram_mode is either unconnected or has no load
WARNING: [Synth 8-7129] Port bullet_colour_out[18] in module ram_mode is either unconnected or has no load
WARNING: [Synth 8-7129] Port bullet_colour_out[17] in module ram_mode is either unconnected or has no load
WARNING: [Synth 8-7129] Port bullet_colour_out[16] in module ram_mode is either unconnected or has no load
WARNING: [Synth 8-7129] Port bullet_colour_out[15] in module ram_mode is either unconnected or has no load
WARNING: [Synth 8-7129] Port bullet_colour_out[14] in module ram_mode is either unconnected or has no load
WARNING: [Synth 8-7129] Port bullet_colour_out[13] in module ram_mode is either unconnected or has no load
WARNING: [Synth 8-7129] Port bullet_colour_out[12] in module ram_mode is either unconnected or has no load
WARNING: [Synth 8-7129] Port bullet_colour_out[11] in module ram_mode is either unconnected or has no load
WARNING: [Synth 8-7129] Port bullet_colour_out[10] in module ram_mode is either unconnected or has no load
WARNING: [Synth 8-7129] Port bullet_colour_out[9] in module ram_mode is either unconnected or has no load
WARNING: [Synth 8-7129] Port bullet_colour_out[8] in module ram_mode is either unconnected or has no load
WARNING: [Synth 8-7129] Port bullet_colour_out[7] in module ram_mode is either unconnected or has no load
WARNING: [Synth 8-7129] Port bullet_colour_out[6] in module ram_mode is either unconnected or has no load
WARNING: [Synth 8-7129] Port bullet_colour_out[5] in module ram_mode is either unconnected or has no load
WARNING: [Synth 8-7129] Port bullet_colour_out[4] in module ram_mode is either unconnected or has no load
WARNING: [Synth 8-7129] Port bullet_colour_out[3] in module ram_mode is either unconnected or has no load
WARNING: [Synth 8-7129] Port player_bullet_x_out[31] in module ram_mode is either unconnected or has no load
WARNING: [Synth 8-7129] Port player_bullet_x_out[30] in module ram_mode is either unconnected or has no load
WARNING: [Synth 8-7129] Port player_bullet_x_out[29] in module ram_mode is either unconnected or has no load
WARNING: [Synth 8-7129] Port player_bullet_x_out[28] in module ram_mode is either unconnected or has no load
WARNING: [Synth 8-7129] Port player_bullet_x_out[27] in module ram_mode is either unconnected or has no load
WARNING: [Synth 8-7129] Port player_bullet_x_out[26] in module ram_mode is either unconnected or has no load
WARNING: [Synth 8-7129] Port player_bullet_x_out[25] in module ram_mode is either unconnected or has no load
WARNING: [Synth 8-7129] Port player_bullet_x_out[24] in module ram_mode is either unconnected or has no load
WARNING: [Synth 8-7129] Port player_bullet_x_out[23] in module ram_mode is either unconnected or has no load
WARNING: [Synth 8-7129] Port player_bullet_x_out[22] in module ram_mode is either unconnected or has no load
WARNING: [Synth 8-7129] Port player_bullet_x_out[21] in module ram_mode is either unconnected or has no load
WARNING: [Synth 8-7129] Port player_bullet_x_out[20] in module ram_mode is either unconnected or has no load
WARNING: [Synth 8-7129] Port player_bullet_x_out[19] in module ram_mode is either unconnected or has no load
WARNING: [Synth 8-7129] Port player_bullet_x_out[18] in module ram_mode is either unconnected or has no load
WARNING: [Synth 8-7129] Port player_bullet_x_out[17] in module ram_mode is either unconnected or has no load
INFO: [Common 17-14] Message 'Synth 8-7129' appears 100 times and further instances of the messages will be disabled. Use the Tcl command set_msg_config to change the current settings.
---------------------------------------------------------------------------------
Finished RTL Elaboration : Time (s): cpu = 00:00:09 ; elapsed = 00:00:11 . Memory (MB): peak = 1410.125 ; gain = 564.949
---------------------------------------------------------------------------------
---------------------------------------------------------------------------------
Start Handling Custom Attributes
---------------------------------------------------------------------------------
---------------------------------------------------------------------------------
Finished Handling Custom Attributes : Time (s): cpu = 00:00:09 ; elapsed = 00:00:11 . Memory (MB): peak = 1410.125 ; gain = 564.949
---------------------------------------------------------------------------------
---------------------------------------------------------------------------------
Finished RTL Optimization Phase 1 : Time (s): cpu = 00:00:09 ; elapsed = 00:00:11 . Memory (MB): peak = 1410.125 ; gain = 564.949
---------------------------------------------------------------------------------
Netlist sorting complete. Time (s): cpu = 00:00:01 ; elapsed = 00:00:00.048 . Memory (MB): peak = 1410.125 ; gain = 0.000
INFO: [Project 1-570] Preparing netlist for logic optimization

Processing XDC Constraints
Initializing timing engine
Parsing XDC File [C:/Users/User/FINAL_WORKING_GAME/build/constraint/alchitry.xdc]
Finished Parsing XDC File [C:/Users/User/FINAL_WORKING_GAME/build/constraint/alchitry.xdc]
INFO: [Project 1-236] Implementation specific constraints were found while reading constraint file [C:/Users/User/FINAL_WORKING_GAME/build/constraint/alchitry.xdc]. These constraints will be ignored for synthesis but will be used in implementation. Impacted constraints are listed in the file [.Xil/alchitry_top_propImpl.xdc].
Resolution: To avoid this warning, move constraints listed in [.Xil/alchitry_top_propImpl.xdc] to another XDC file and exclude this new file from synthesis with the used_in_synthesis property (File Properties dialog in GUI) and re-run elaboration/synthesis.
Parsing XDC File [C:/Users/User/FINAL_WORKING_GAME/build/constraint/au_props.xdc]
Finished Parsing XDC File [C:/Users/User/FINAL_WORKING_GAME/build/constraint/au_props.xdc]
Completed Processing XDC Constraints

Netlist sorting complete. Time (s): cpu = 00:00:00 ; elapsed = 00:00:00.001 . Memory (MB): peak = 1450.723 ; gain = 0.000
INFO: [Project 1-111] Unisim Transformation Summary:
No Unisim elements were transformed.

The system cannot find the path specified.
Constraint Validation Runtime : Time (s): cpu = 00:00:00 ; elapsed = 00:00:00.011 . Memory (MB): peak = 1450.723 ; gain = 0.000
---------------------------------------------------------------------------------
Finished Constraint Validation : Time (s): cpu = 00:00:19 ; elapsed = 00:00:21 . Memory (MB): peak = 1450.723 ; gain = 605.547
---------------------------------------------------------------------------------
---------------------------------------------------------------------------------
Start Loading Part and Timing Information
---------------------------------------------------------------------------------
Loading part: xc7a35tftg256-1
---------------------------------------------------------------------------------
Finished Loading Part and Timing Information : Time (s): cpu = 00:00:19 ; elapsed = 00:00:21 . Memory (MB): peak = 1450.723 ; gain = 605.547
---------------------------------------------------------------------------------
---------------------------------------------------------------------------------
Start Applying 'set_property' XDC Constraints
---------------------------------------------------------------------------------
---------------------------------------------------------------------------------
Finished applying 'set_property' XDC Constraints : Time (s): cpu = 00:00:19 ; elapsed = 00:00:21 . Memory (MB): peak = 1450.723 ; gain = 605.547
---------------------------------------------------------------------------------
INFO: [Synth 8-802] inferred FSM for state register 'D_state_q_reg' in module 'ws2812b_driver'
---------------------------------------------------------------------------------------------------
                   State |                     New Encoding |                Previous Encoding 
---------------------------------------------------------------------------------------------------
                  iSTATE |                               00 |                               01
                 iSTATE1 |                               01 |                               10
                 iSTATE0 |                               10 |                               00
---------------------------------------------------------------------------------------------------
INFO: [Synth 8-3354] encoded FSM with state register 'D_state_q_reg' using encoding 'sequential' in module 'ws2812b_driver'
---------------------------------------------------------------------------------
Finished RTL Optimization Phase 2 : Time (s): cpu = 00:00:20 ; elapsed = 00:00:23 . Memory (MB): peak = 1450.723 ; gain = 605.547
---------------------------------------------------------------------------------
INFO: [Synth 8-223] decloning instance 'game_data_path/fast_clk' (counter__parameterized0) to 'game_data_path/enemy_A_slow_clk'
---------------------------------------------------------------------------------
Start RTL Component Statistics 
---------------------------------------------------------------------------------
Detailed RTL Component Info : 
+---Adders : 
	   2 Input   32 Bit       Adders := 2     
	   3 Input   32 Bit       Adders := 1     
	   2 Input    8 Bit       Adders := 15    
	   2 Input    7 Bit       Adders := 1     
	   2 Input    5 Bit       Adders := 1     
	   2 Input    3 Bit       Adders := 1     
+---XORs : 
	   2 Input     32 Bit         XORs := 1     
	   2 Input      4 Bit         XORs := 1     
	   2 Input      1 Bit         XORs := 1     
+---Registers : 
	               32 Bit    Registers := 17    
	                8 Bit    Registers := 4     
	                7 Bit    Registers := 1     
	                6 Bit    Registers := 1     
	                5 Bit    Registers := 2     
	                4 Bit    Registers := 6     
	                3 Bit    Registers := 2     
	                2 Bit    Registers := 5     
	                1 Bit    Registers := 18    
+---Multipliers : 
	              32x32  Multipliers := 1     
+---RAMs : 
	              768 Bit	(256 X 3 bit)          RAMs := 1     
+---Muxes : 
	  16 Input   32 Bit        Muxes := 1     
	   4 Input   32 Bit        Muxes := 2     
	   2 Input   32 Bit        Muxes := 1     
	   8 Input   32 Bit        Muxes := 1     
	   5 Input   20 Bit        Muxes := 6     
	   2 Input   20 Bit        Muxes := 1     
	   6 Input   20 Bit        Muxes := 1     
	   2 Input    8 Bit        Muxes := 5     
	  27 Input    8 Bit        Muxes := 1     
	   3 Input    8 Bit        Muxes := 1     
	   2 Input    6 Bit        Muxes := 4     
	  46 Input    6 Bit        Muxes := 1     
	   7 Input    5 Bit        Muxes := 1     
	   2 Input    5 Bit        Muxes := 4     
	  46 Input    5 Bit        Muxes := 2     
	  47 Input    5 Bit        Muxes := 1     
	   4 Input    5 Bit        Muxes := 1     
	   3 Input    5 Bit        Muxes := 1     
	  17 Input    4 Bit        Muxes := 1     
	   2 Input    4 Bit        Muxes := 3     
	   8 Input    4 Bit        Muxes := 5     
	  46 Input    3 Bit        Muxes := 2     
	   2 Input    3 Bit        Muxes := 2     
	   8 Input    3 Bit        Muxes := 1     
	 256 Input    3 Bit        Muxes := 5     
	  27 Input    3 Bit        Muxes := 2     
	   6 Input    3 Bit        Muxes := 1     
	  47 Input    2 Bit        Muxes := 2     
	   8 Input    2 Bit        Muxes := 3     
	  27 Input    2 Bit        Muxes := 2     
	   3 Input    2 Bit        Muxes := 1     
	   2 Input    2 Bit        Muxes := 1     
	  17 Input    1 Bit        Muxes := 3     
	   5 Input    1 Bit        Muxes := 2     
	  46 Input    1 Bit        Muxes := 1     
	  23 Input    1 Bit        Muxes := 22    
	  27 Input    1 Bit        Muxes := 10    
	   2 Input    1 Bit        Muxes := 24    
	   3 Input    1 Bit        Muxes := 13    
---------------------------------------------------------------------------------
Finished RTL Component Statistics 
---------------------------------------------------------------------------------
---------------------------------------------------------------------------------
Start Part Resource Summary
---------------------------------------------------------------------------------
Part Resources:
DSPs: 90 (col length:60)
BRAMs: 100 (col length: RAMB18 60 RAMB36 30)
---------------------------------------------------------------------------------
Finished Part Resource Summary
---------------------------------------------------------------------------------
---------------------------------------------------------------------------------
Start Cross Boundary and Area Optimization
---------------------------------------------------------------------------------
WARNING: [Synth 8-7080] Parallel synthesis criteria is not met
DSP Report: Generating DSP out_sig0, operation Mode is: A*B.
DSP Report: operator out_sig0 is absorbed into DSP out_sig0.
DSP Report: operator out_sig0 is absorbed into DSP out_sig0.
DSP Report: Generating DSP out_sig0, operation Mode is: (PCIN>>17)+A*B.
DSP Report: operator out_sig0 is absorbed into DSP out_sig0.
DSP Report: operator out_sig0 is absorbed into DSP out_sig0.
DSP Report: Generating DSP out_sig0, operation Mode is: A*B.
DSP Report: operator out_sig0 is absorbed into DSP out_sig0.
DSP Report: operator out_sig0 is absorbed into DSP out_sig0.
DSP Report: Generating DSP out_sig0, operation Mode is: (PCIN>>17)+A*B.
DSP Report: operator out_sig0 is absorbed into DSP out_sig0.
DSP Report: operator out_sig0 is absorbed into DSP out_sig0.
---------------------------------------------------------------------------------
Finished Cross Boundary and Area Optimization : Time (s): cpu = 00:00:41 ; elapsed = 00:00:44 . Memory (MB): peak = 1466.875 ; gain = 621.699
---------------------------------------------------------------------------------
 Sort Area is  out_sig0_0 : 0 0 : 3101 5879 : Used 1 time 0
 Sort Area is  out_sig0_0 : 0 1 : 2778 5879 : Used 1 time 0
 Sort Area is  out_sig0_3 : 0 0 : 2759 5418 : Used 1 time 0
 Sort Area is  out_sig0_3 : 0 1 : 2659 5418 : Used 1 time 0
---------------------------------------------------------------------------------
Start ROM, RAM, DSP, Shift Register and Retiming Reporting
---------------------------------------------------------------------------------

ROM: Preliminary Mapping Report
+-------------------+---------------------+---------------+----------------+
|Module Name        | RTL Object          | Depth x Width | Implemented As | 
+-------------------+---------------------+---------------+----------------+
|bomb_animation_rom | FRAME_4             | 256x1         | LUT            | 
|ram_mode           | rom_animate/FRAME_4 | 256x1         | LUT            | 
+-------------------+---------------------+---------------+----------------+


Distributed RAM: Preliminary Mapping Report (see note below)
+-------------+-----------------------------------------+-----------+----------------------+-------------+
|Module Name  | RTL Object                              | Inference | Size (Depth x Width) | Primitives  | 
+-------------+-----------------------------------------+-----------+----------------------+-------------+
|alchitry_top | game_data_path/ram_mode/ram/ram/mem_reg | Implied   | 256 x 3              | RAM64M x 4  | 
+-------------+-----------------------------------------+-----------+----------------------+-------------+

Note: The table above is a preliminary report that shows the Distributed RAMs at the current stage of the synthesis flow. Some Distributed RAMs may be reimplemented as non Distributed RAM primitives later in the synthesis flow. Multiple instantiated RAMs are reported only once.

DSP: Preliminary Mapping Report (see note below. The ' indicates corresponding REG is set)
+------------+----------------+--------+--------+--------+--------+--------+------+------+------+------+-------+------+------+
|Module Name | DSP Mapping    | A Size | B Size | C Size | D Size | P Size | AREG | BREG | CREG | DREG | ADREG | MREG | PREG | 
+------------+----------------+--------+--------+--------+--------+--------+------+------+------+------+-------+------+------+
|alu         | A*B            | 18     | 16     | -      | -      | 48     | 0    | 0    | -    | -    | -     | 0    | 0    | 
|alu         | (PCIN>>17)+A*B | 16     | 16     | -      | -      | 48     | 0    | 0    | -    | -    | -     | 0    | 0    | 
|alu         | A*B            | 18     | 18     | -      | -      | 48     | 0    | 0    | -    | -    | -     | 0    | 0    | 
|alu         | (PCIN>>17)+A*B | 18     | 16     | -      | -      | 48     | 0    | 0    | -    | -    | -     | 0    | 0    | 
+------------+----------------+--------+--------+--------+--------+--------+------+------+------+------+-------+------+------+

Note: The table above is a preliminary report that shows the DSPs inferred at the current stage of the synthesis flow. Some DSP may be reimplemented as non DSP primitives later in the synthesis flow. Multiple instantiated DSPs are reported only once.
---------------------------------------------------------------------------------
Finished ROM, RAM, DSP, Shift Register and Retiming Reporting
---------------------------------------------------------------------------------
---------------------------------------------------------------------------------
Start Applying XDC Timing Constraints
---------------------------------------------------------------------------------
---------------------------------------------------------------------------------
Finished Applying XDC Timing Constraints : Time (s): cpu = 00:00:51 ; elapsed = 00:00:54 . Memory (MB): peak = 1466.875 ; gain = 621.699
---------------------------------------------------------------------------------
---------------------------------------------------------------------------------
Start Timing Optimization
---------------------------------------------------------------------------------
---------------------------------------------------------------------------------
Finished Timing Optimization : Time (s): cpu = 00:01:06 ; elapsed = 00:01:09 . Memory (MB): peak = 1679.012 ; gain = 833.836
---------------------------------------------------------------------------------
---------------------------------------------------------------------------------
Start ROM, RAM, DSP, Shift Register and Retiming Reporting
---------------------------------------------------------------------------------

Distributed RAM: Final Mapping Report
+-------------+-----------------------------------------+-----------+----------------------+-------------+
|Module Name  | RTL Object                              | Inference | Size (Depth x Width) | Primitives  | 
+-------------+-----------------------------------------+-----------+----------------------+-------------+
|alchitry_top | game_data_path/ram_mode/ram/ram/mem_reg | Implied   | 256 x 3              | RAM64M x 4  | 
+-------------+-----------------------------------------+-----------+----------------------+-------------+

---------------------------------------------------------------------------------
Finished ROM, RAM, DSP, Shift Register and Retiming Reporting
---------------------------------------------------------------------------------
---------------------------------------------------------------------------------
Start Technology Mapping
---------------------------------------------------------------------------------
---------------------------------------------------------------------------------
Finished Technology Mapping : Time (s): cpu = 00:01:07 ; elapsed = 00:01:11 . Memory (MB): peak = 1681.797 ; gain = 836.621
---------------------------------------------------------------------------------
---------------------------------------------------------------------------------
Start IO Insertion
---------------------------------------------------------------------------------
---------------------------------------------------------------------------------
Start Flattening Before IO Insertion
---------------------------------------------------------------------------------
---------------------------------------------------------------------------------
Finished Flattening Before IO Insertion
---------------------------------------------------------------------------------
---------------------------------------------------------------------------------
Start Final Netlist Cleanup
---------------------------------------------------------------------------------
---------------------------------------------------------------------------------
Finished Final Netlist Cleanup
---------------------------------------------------------------------------------
---------------------------------------------------------------------------------
Finished IO Insertion : Time (s): cpu = 00:01:12 ; elapsed = 00:01:16 . Memory (MB): peak = 1690.625 ; gain = 845.449
---------------------------------------------------------------------------------
---------------------------------------------------------------------------------
Start Renaming Generated Instances
---------------------------------------------------------------------------------
---------------------------------------------------------------------------------
Finished Renaming Generated Instances : Time (s): cpu = 00:01:12 ; elapsed = 00:01:16 . Memory (MB): peak = 1690.625 ; gain = 845.449
---------------------------------------------------------------------------------
---------------------------------------------------------------------------------
Start Rebuilding User Hierarchy
---------------------------------------------------------------------------------
---------------------------------------------------------------------------------
Finished Rebuilding User Hierarchy : Time (s): cpu = 00:01:13 ; elapsed = 00:01:16 . Memory (MB): peak = 1690.625 ; gain = 845.449
---------------------------------------------------------------------------------
---------------------------------------------------------------------------------
Start Renaming Generated Ports
---------------------------------------------------------------------------------
---------------------------------------------------------------------------------
Finished Renaming Generated Ports : Time (s): cpu = 00:01:13 ; elapsed = 00:01:16 . Memory (MB): peak = 1690.625 ; gain = 845.449
---------------------------------------------------------------------------------
---------------------------------------------------------------------------------
Start Handling Custom Attributes
---------------------------------------------------------------------------------
---------------------------------------------------------------------------------
Finished Handling Custom Attributes : Time (s): cpu = 00:01:13 ; elapsed = 00:01:16 . Memory (MB): peak = 1690.625 ; gain = 845.449
---------------------------------------------------------------------------------
---------------------------------------------------------------------------------
Start Renaming Generated Nets
---------------------------------------------------------------------------------
---------------------------------------------------------------------------------
Finished Renaming Generated Nets : Time (s): cpu = 00:01:13 ; elapsed = 00:01:16 . Memory (MB): peak = 1690.625 ; gain = 845.449
---------------------------------------------------------------------------------
---------------------------------------------------------------------------------
Start Writing Synthesis Report
---------------------------------------------------------------------------------

DSP Final Report (the ' indicates corresponding REG is set)
+------------+--------------+--------+--------+--------+--------+--------+------+------+------+------+-------+------+------+
|Module Name | DSP Mapping  | A Size | B Size | C Size | D Size | P Size | AREG | BREG | CREG | DREG | ADREG | MREG | PREG | 
+------------+--------------+--------+--------+--------+--------+--------+------+------+------+------+-------+------+------+
|alu         | A*B          | 17     | 15     | -      | -      | 48     | 0    | 0    | -    | -    | -     | 0    | 0    | 
|alu         | A*B          | 17     | 17     | -      | -      | 48     | 0    | 0    | -    | -    | -     | 0    | 0    | 
|alu         | PCIN>>17+A*B | 17     | 15     | -      | -      | 48     | 0    | 0    | -    | -    | -     | 0    | 0    | 
+------------+--------------+--------+--------+--------+--------+--------+------+------+------+------+-------+------+------+


Report BlackBoxes: 
+-+--------------+----------+
| |BlackBox name |Instances |
+-+--------------+----------+
+-+--------------+----------+

Report Cell Usage: 
+------+--------+------+
|      |Cell    |Count |
+------+--------+------+
|1     |BUFG    |     1|
|2     |CARRY4  |    82|
|3     |DSP48E1 |     3|
|4     |LUT1    |    45|
|5     |LUT2    |   201|
|6     |LUT3    |   143|
|7     |LUT4    |   176|
|8     |LUT5    |   291|
|9     |LUT6    |   677|
|10    |MUXF7   |    61|
|11    |MUXF8   |     1|
|12    |RAM64M  |     4|
|13    |FDPE    |     4|
|14    |FDRE    |   787|
|15    |FDSE    |    12|
|16    |IBUF    |     8|
|17    |OBUF    |    46|
+------+--------+------+
---------------------------------------------------------------------------------
Finished Writing Synthesis Report : Time (s): cpu = 00:01:13 ; elapsed = 00:01:16 . Memory (MB): peak = 1690.625 ; gain = 845.449
---------------------------------------------------------------------------------
Synthesis finished with 0 errors, 0 critical warnings and 203 warnings.
Synthesis Optimization Runtime : Time (s): cpu = 00:01:01 ; elapsed = 00:01:13 . Memory (MB): peak = 1690.625 ; gain = 804.852
Synthesis Optimization Complete : Time (s): cpu = 00:01:13 ; elapsed = 00:01:16 . Memory (MB): peak = 1690.625 ; gain = 845.449
INFO: [Project 1-571] Translating synthesized netlist
Netlist sorting complete. Time (s): cpu = 00:00:00 ; elapsed = 00:00:00.041 . Memory (MB): peak = 1690.625 ; gain = 0.000
INFO: [Netlist 29-17] Analyzing 151 Unisim elements for replacement
INFO: [Netlist 29-28] Unisim Transformation completed in 0 CPU seconds
INFO: [Project 1-570] Preparing netlist for logic optimization
INFO: [Opt 31-138] Pushed 0 inverter(s) to 0 load pin(s).
Netlist sorting complete. Time (s): cpu = 00:00:00 ; elapsed = 00:00:00.001 . Memory (MB): peak = 1690.625 ; gain = 0.000
INFO: [Project 1-111] Unisim Transformation Summary:
  A total of 4 instances were transformed.
  RAM64M => RAM64M (RAMD64E(x4)): 4 instances

The system cannot find the path specified.
Synth Design complete | Checksum: 6fe7f445
INFO: [Common 17-83] Releasing license: Synthesis
70 Infos, 112 Warnings, 0 Critical Warnings and 0 Errors encountered.
synth_design completed successfully
synth_design: Time (s): cpu = 00:01:19 ; elapsed = 00:01:47 . Memory (MB): peak = 1690.625 ; gain = 1238.773
Write ShapeDB Complete: Time (s): cpu = 00:00:00 ; elapsed = 00:00:00.008 . Memory (MB): peak = 1690.625 ; gain = 0.000
INFO: [Common 17-1381] The checkpoint 'C:/Users/User/FINAL_WORKING_GAME/build/vivado/FINAL_WORKING_GAME.runs/synth_1/alchitry_top.dcp' has been generated.
INFO: [runtcl-4] Executing : report_utilization -file alchitry_top_utilization_synth.rpt -pb alchitry_top_utilization_synth.pb
INFO: [Common 17-206] Exiting Vivado at Sun Apr 13 18:07:22 2025...
