
*** Running vivado
    with args -log alchitry_top.vds -m64 -product Vivado -mode batch -messageDb vivado.pb -notrace -source alchitry_top.tcl


ECHO is off.
ECHO is off.

****** Vivado v2023.2 (64-bit)
  **** SW Build 4029153 on Fri Oct 13 20:14:34 MDT 2023
  **** IP Build 4028589 on Sat Oct 14 00:45:43 MDT 2023
  **** SharedData Build 4025554 on Tue Oct 10 17:18:54 MDT 2023
    ** Copyright 1986-2022 Xilinx, Inc. All Rights Reserved.
    ** Copyright 2022-2023 Advanced Micro Devices, Inc. All Rights Reserved.

source alchitry_top.tcl -notrace
create_project: Time (s): cpu = 00:00:07 ; elapsed = 00:00:07 . Memory (MB): peak = 453.160 ; gain = 185.000
Command: synth_design -top alchitry_top -part xc7a35tftg256-1
Starting synth_design
Attempting to get a license for feature 'Synthesis' and/or device 'xc7a35t'
INFO: [Common 17-349] Got license for feature 'Synthesis' and/or device 'xc7a35t'
INFO: [Device 21-403] Loading part xc7a35tftg256-1
INFO: [Synth 8-7079] Multithreading enabled for synth_design using a maximum of 2 processes.
INFO: [Synth 8-7078] Launching helper process for spawning children vivado processes
INFO: [Synth 8-7075] Helper process launched with PID 14404
---------------------------------------------------------------------------------
Starting RTL Elaboration : Time (s): cpu = 00:00:06 ; elapsed = 00:00:06 . Memory (MB): peak = 1285.215 ; gain = 438.727
---------------------------------------------------------------------------------
INFO: [Synth 8-6157] synthesizing module 'alchitry_top' [C:/Users/User/player_shoot/build/vivado/player_shoot.srcs/sources_1/imports/source/alchitry_top.sv:7]
INFO: [Synth 8-6157] synthesizing module 'reset_conditioner' [C:/Users/User/player_shoot/build/vivado/player_shoot.srcs/sources_1/imports/source/reset_conditioner.sv:7]
	Parameter STAGES bound to: 3'b100 
INFO: [Synth 8-6155] done synthesizing module 'reset_conditioner' (0#1) [C:/Users/User/player_shoot/build/vivado/player_shoot.srcs/sources_1/imports/source/reset_conditioner.sv:7]
INFO: [Synth 8-6157] synthesizing module 'player_mode' [C:/Users/User/player_shoot/build/vivado/player_shoot.srcs/sources_1/imports/source/player_mode.sv:7]
	Parameter COLUMN_DIMENSION bound to: 5'b10000 
	Parameter ROW_DIMENSION bound to: 5'b10000 
	Parameter PIXEL_COUNT bound to: 10'b0100000000 
	Parameter BUFFER_SIZE bound to: 11'b10000000000 
INFO: [Synth 8-6157] synthesizing module 'button_conditioner' [C:/Users/User/player_shoot/build/vivado/player_shoot.srcs/sources_1/imports/source/button_conditioner.sv:7]
	Parameter CLK_FREQ bound to: 27'b101111101011110000100000000 
	Parameter MIN_DELAY bound to: 5'b10100 
	Parameter NUM_SYNC bound to: 2'b10 
INFO: [Synth 8-6157] synthesizing module 'pipeline' [C:/Users/User/player_shoot/build/vivado/player_shoot.srcs/sources_1/imports/source/pipeline.sv:7]
	Parameter DEPTH bound to: 2'b10 
INFO: [Synth 8-6155] done synthesizing module 'pipeline' (0#1) [C:/Users/User/player_shoot/build/vivado/player_shoot.srcs/sources_1/imports/source/pipeline.sv:7]
INFO: [Synth 8-6155] done synthesizing module 'button_conditioner' (0#1) [C:/Users/User/player_shoot/build/vivado/player_shoot.srcs/sources_1/imports/source/button_conditioner.sv:7]
INFO: [Synth 8-6157] synthesizing module 'edge_detector' [C:/Users/User/player_shoot/build/vivado/player_shoot.srcs/sources_1/imports/source/edge_detector.sv:7]
	Parameter RISE bound to: 1'b1 
	Parameter FALL bound to: 1'b0 
INFO: [Synth 8-6155] done synthesizing module 'edge_detector' (0#1) [C:/Users/User/player_shoot/build/vivado/player_shoot.srcs/sources_1/imports/source/edge_detector.sv:7]
INFO: [Synth 8-6157] synthesizing module 'index_reverser' [C:/Users/User/player_shoot/build/vivado/player_shoot.srcs/sources_1/imports/source/index_reverser.sv:7]
	Parameter SIZE bound to: 8 - type: integer 
	Parameter COLUMN_DIMENSION bound to: 5'b10000 
INFO: [Synth 8-6155] done synthesizing module 'index_reverser' (0#1) [C:/Users/User/player_shoot/build/vivado/player_shoot.srcs/sources_1/imports/source/index_reverser.sv:7]
INFO: [Synth 8-6157] synthesizing module 'data_ram' [C:/Users/User/player_shoot/build/vivado/player_shoot.srcs/sources_1/imports/source/data_ram.sv:7]
	Parameter ROW_DIMENSION bound to: 5'b10000 
	Parameter COLUMN_DIMENSION bound to: 5'b10000 
	Parameter ENCODING_AMOUNT bound to: 3'b100 
INFO: [Synth 8-6157] synthesizing module 'simple_dual_port_ram' [C:/Users/User/player_shoot/build/vivado/player_shoot.srcs/sources_1/imports/source/simple_dual_port_ram.v:47]
	Parameter WIDTH bound to: 2 - type: integer 
	Parameter ENTRIES bound to: 16'b0000000100000000 
INFO: [Synth 8-6155] done synthesizing module 'simple_dual_port_ram' (0#1) [C:/Users/User/player_shoot/build/vivado/player_shoot.srcs/sources_1/imports/source/simple_dual_port_ram.v:47]
INFO: [Synth 8-155] case statement is not full and has no default [C:/Users/User/player_shoot/build/vivado/player_shoot.srcs/sources_1/imports/source/data_ram.sv:95]
INFO: [Synth 8-6155] done synthesizing module 'data_ram' (0#1) [C:/Users/User/player_shoot/build/vivado/player_shoot.srcs/sources_1/imports/source/data_ram.sv:7]
INFO: [Synth 8-6157] synthesizing module 'ws2812b_driver' [C:/Users/User/player_shoot/build/vivado/player_shoot.srcs/sources_1/imports/source/ws2812b_driver.sv:7]
	Parameter PIXEL_COUNT bound to: 10'b0100000000 
INFO: [Synth 8-155] case statement is not full and has no default [C:/Users/User/player_shoot/build/vivado/player_shoot.srcs/sources_1/imports/source/ws2812b_driver.sv:59]
INFO: [Synth 8-6155] done synthesizing module 'ws2812b_driver' (0#1) [C:/Users/User/player_shoot/build/vivado/player_shoot.srcs/sources_1/imports/source/ws2812b_driver.sv:7]
INFO: [Synth 8-155] case statement is not full and has no default [C:/Users/User/player_shoot/build/vivado/player_shoot.srcs/sources_1/imports/source/player_mode.sv:230]
INFO: [Synth 8-6155] done synthesizing module 'player_mode' (0#1) [C:/Users/User/player_shoot/build/vivado/player_shoot.srcs/sources_1/imports/source/player_mode.sv:7]
INFO: [Synth 8-6157] synthesizing module 'alu_manual_tester' [C:/Users/User/player_shoot/build/vivado/player_shoot.srcs/sources_1/imports/source/alu_manual_tester.sv:7]
	Parameter CLK_FREQ bound to: 27'b101111101011110000100000000 
INFO: [Synth 8-6157] synthesizing module 'button_conditioner__parameterized0' [C:/Users/User/player_shoot/build/vivado/player_shoot.srcs/sources_1/imports/source/button_conditioner.sv:7]
	Parameter CLK_FREQ bound to: 10'b1111101000 
	Parameter MIN_DELAY bound to: 5'b10100 
	Parameter NUM_SYNC bound to: 2'b10 
INFO: [Synth 8-6155] done synthesizing module 'button_conditioner__parameterized0' (0#1) [C:/Users/User/player_shoot/build/vivado/player_shoot.srcs/sources_1/imports/source/button_conditioner.sv:7]
INFO: [Synth 8-6157] synthesizing module 'alu' [C:/Users/User/player_shoot/build/vivado/player_shoot.srcs/sources_1/imports/source/alu.sv:7]
INFO: [Synth 8-6157] synthesizing module 'mux_4' [C:/Users/User/player_shoot/build/vivado/player_shoot.srcs/sources_1/imports/source/mux_4.sv:7]
INFO: [Synth 8-226] default block is never used [C:/Users/User/player_shoot/build/vivado/player_shoot.srcs/sources_1/imports/source/mux_4.sv:15]
INFO: [Synth 8-6155] done synthesizing module 'mux_4' (0#1) [C:/Users/User/player_shoot/build/vivado/player_shoot.srcs/sources_1/imports/source/mux_4.sv:7]
INFO: [Synth 8-6157] synthesizing module 'adder' [C:/Users/User/player_shoot/build/vivado/player_shoot.srcs/sources_1/imports/source/adder.sv:7]
	Parameter SIZE bound to: 6'b100000 
INFO: [Synth 8-6157] synthesizing module 'rca' [C:/Users/User/player_shoot/build/vivado/player_shoot.srcs/sources_1/imports/source/rca.sv:7]
	Parameter SIZE bound to: 6'b100000 
INFO: [Synth 8-6157] synthesizing module 'fa' [C:/Users/User/player_shoot/build/vivado/player_shoot.srcs/sources_1/imports/source/fa.sv:7]
INFO: [Synth 8-6155] done synthesizing module 'fa' (0#1) [C:/Users/User/player_shoot/build/vivado/player_shoot.srcs/sources_1/imports/source/fa.sv:7]
INFO: [Synth 8-6155] done synthesizing module 'rca' (0#1) [C:/Users/User/player_shoot/build/vivado/player_shoot.srcs/sources_1/imports/source/rca.sv:7]
INFO: [Synth 8-6155] done synthesizing module 'adder' (0#1) [C:/Users/User/player_shoot/build/vivado/player_shoot.srcs/sources_1/imports/source/adder.sv:7]
INFO: [Synth 8-6157] synthesizing module 'compare' [C:/Users/User/player_shoot/build/vivado/player_shoot.srcs/sources_1/imports/source/compare.sv:7]
INFO: [Synth 8-6155] done synthesizing module 'compare' (0#1) [C:/Users/User/player_shoot/build/vivado/player_shoot.srcs/sources_1/imports/source/compare.sv:7]
INFO: [Synth 8-6157] synthesizing module 'boolean' [C:/Users/User/player_shoot/build/vivado/player_shoot.srcs/sources_1/imports/source/boolean.sv:7]
	Parameter SIZE bound to: 6'b100000 
INFO: [Synth 8-6155] done synthesizing module 'boolean' (0#1) [C:/Users/User/player_shoot/build/vivado/player_shoot.srcs/sources_1/imports/source/boolean.sv:7]
INFO: [Synth 8-6157] synthesizing module 'compact_shifter' [C:/Users/User/player_shoot/build/vivado/player_shoot.srcs/sources_1/imports/source/compact_shifter.sv:7]
INFO: [Synth 8-6157] synthesizing module 'mux_2' [C:/Users/User/player_shoot/build/vivado/player_shoot.srcs/sources_1/imports/source/mux_2.sv:7]
INFO: [Synth 8-226] default block is never used [C:/Users/User/player_shoot/build/vivado/player_shoot.srcs/sources_1/imports/source/mux_2.sv:14]
INFO: [Synth 8-6155] done synthesizing module 'mux_2' (0#1) [C:/Users/User/player_shoot/build/vivado/player_shoot.srcs/sources_1/imports/source/mux_2.sv:7]
INFO: [Synth 8-6157] synthesizing module 'shifter' [C:/Users/User/player_shoot/build/vivado/player_shoot.srcs/sources_1/imports/source/shifter.sv:7]
INFO: [Synth 8-6157] synthesizing module 'x_bit_left_shifter' [C:/Users/User/player_shoot/build/vivado/player_shoot.srcs/sources_1/imports/source/x_bit_left_shifter.sv:7]
	Parameter SHIFT bound to: 5'b00001 
INFO: [Synth 8-6155] done synthesizing module 'x_bit_left_shifter' (0#1) [C:/Users/User/player_shoot/build/vivado/player_shoot.srcs/sources_1/imports/source/x_bit_left_shifter.sv:7]
INFO: [Synth 8-6157] synthesizing module 'x_bit_left_shifter__parameterized0' [C:/Users/User/player_shoot/build/vivado/player_shoot.srcs/sources_1/imports/source/x_bit_left_shifter.sv:7]
	Parameter SHIFT bound to: 5'b00010 
INFO: [Synth 8-6155] done synthesizing module 'x_bit_left_shifter__parameterized0' (0#1) [C:/Users/User/player_shoot/build/vivado/player_shoot.srcs/sources_1/imports/source/x_bit_left_shifter.sv:7]
INFO: [Synth 8-6157] synthesizing module 'x_bit_left_shifter__parameterized1' [C:/Users/User/player_shoot/build/vivado/player_shoot.srcs/sources_1/imports/source/x_bit_left_shifter.sv:7]
	Parameter SHIFT bound to: 5'b00100 
INFO: [Synth 8-6155] done synthesizing module 'x_bit_left_shifter__parameterized1' (0#1) [C:/Users/User/player_shoot/build/vivado/player_shoot.srcs/sources_1/imports/source/x_bit_left_shifter.sv:7]
INFO: [Synth 8-6157] synthesizing module 'x_bit_left_shifter__parameterized2' [C:/Users/User/player_shoot/build/vivado/player_shoot.srcs/sources_1/imports/source/x_bit_left_shifter.sv:7]
	Parameter SHIFT bound to: 5'b01000 
INFO: [Synth 8-6155] done synthesizing module 'x_bit_left_shifter__parameterized2' (0#1) [C:/Users/User/player_shoot/build/vivado/player_shoot.srcs/sources_1/imports/source/x_bit_left_shifter.sv:7]
INFO: [Synth 8-6157] synthesizing module 'x_bit_left_shifter__parameterized3' [C:/Users/User/player_shoot/build/vivado/player_shoot.srcs/sources_1/imports/source/x_bit_left_shifter.sv:7]
	Parameter SHIFT bound to: 5'b10000 
INFO: [Synth 8-6155] done synthesizing module 'x_bit_left_shifter__parameterized3' (0#1) [C:/Users/User/player_shoot/build/vivado/player_shoot.srcs/sources_1/imports/source/x_bit_left_shifter.sv:7]
INFO: [Synth 8-6155] done synthesizing module 'shifter' (0#1) [C:/Users/User/player_shoot/build/vivado/player_shoot.srcs/sources_1/imports/source/shifter.sv:7]
INFO: [Synth 8-6157] synthesizing module 'bit_reverser' [C:/Users/User/player_shoot/build/vivado/player_shoot.srcs/sources_1/imports/source/bit_reverser.sv:7]
	Parameter SIZE bound to: 6'b100000 
INFO: [Synth 8-6155] done synthesizing module 'bit_reverser' (0#1) [C:/Users/User/player_shoot/build/vivado/player_shoot.srcs/sources_1/imports/source/bit_reverser.sv:7]
INFO: [Synth 8-6155] done synthesizing module 'compact_shifter' (0#1) [C:/Users/User/player_shoot/build/vivado/player_shoot.srcs/sources_1/imports/source/compact_shifter.sv:7]
INFO: [Synth 8-6157] synthesizing module 'multiplier' [C:/Users/User/player_shoot/build/vivado/player_shoot.srcs/sources_1/imports/source/multiplier.sv:7]
INFO: [Synth 8-6155] done synthesizing module 'multiplier' (0#1) [C:/Users/User/player_shoot/build/vivado/player_shoot.srcs/sources_1/imports/source/multiplier.sv:7]
INFO: [Synth 8-6157] synthesizing module 'abs' [C:/Users/User/player_shoot/build/vivado/player_shoot.srcs/sources_1/imports/source/abs.sv:7]
	Parameter SIZE bound to: 6'b100000 
INFO: [Synth 8-6155] done synthesizing module 'abs' (0#1) [C:/Users/User/player_shoot/build/vivado/player_shoot.srcs/sources_1/imports/source/abs.sv:7]
INFO: [Synth 8-6155] done synthesizing module 'alu' (0#1) [C:/Users/User/player_shoot/build/vivado/player_shoot.srcs/sources_1/imports/source/alu.sv:7]
INFO: [Synth 8-6157] synthesizing module 'multi_seven_seg' [C:/Users/User/player_shoot/build/vivado/player_shoot.srcs/sources_1/imports/source/multi_seven_seg.sv:7]
	Parameter DIGITS bound to: 3'b100 
	Parameter DIV bound to: 5'b10000 
INFO: [Synth 8-6157] synthesizing module 'counter' [C:/Users/User/player_shoot/build/vivado/player_shoot.srcs/sources_1/imports/source/counter.sv:7]
	Parameter SIZE bound to: 2 - type: integer 
	Parameter DIV bound to: 5'b10000 
	Parameter TOP bound to: 3'b011 
	Parameter UP bound to: 1'b1 
INFO: [Synth 8-6155] done synthesizing module 'counter' (0#1) [C:/Users/User/player_shoot/build/vivado/player_shoot.srcs/sources_1/imports/source/counter.sv:7]
INFO: [Synth 8-6157] synthesizing module 'seven_seg' [C:/Users/User/player_shoot/build/vivado/player_shoot.srcs/sources_1/imports/source/seven_seg.sv:7]
INFO: [Synth 8-6155] done synthesizing module 'seven_seg' (0#1) [C:/Users/User/player_shoot/build/vivado/player_shoot.srcs/sources_1/imports/source/seven_seg.sv:7]
INFO: [Synth 8-6157] synthesizing module 'decoder' [C:/Users/User/player_shoot/build/vivado/player_shoot.srcs/sources_1/imports/source/decoder.sv:7]
	Parameter WIDTH bound to: 2 - type: integer 
INFO: [Synth 8-6155] done synthesizing module 'decoder' (0#1) [C:/Users/User/player_shoot/build/vivado/player_shoot.srcs/sources_1/imports/source/decoder.sv:7]
INFO: [Synth 8-6155] done synthesizing module 'multi_seven_seg' (0#1) [C:/Users/User/player_shoot/build/vivado/player_shoot.srcs/sources_1/imports/source/multi_seven_seg.sv:7]
INFO: [Synth 8-155] case statement is not full and has no default [C:/Users/User/player_shoot/build/vivado/player_shoot.srcs/sources_1/imports/source/alu_manual_tester.sv:128]
INFO: [Synth 8-6155] done synthesizing module 'alu_manual_tester' (0#1) [C:/Users/User/player_shoot/build/vivado/player_shoot.srcs/sources_1/imports/source/alu_manual_tester.sv:7]
INFO: [Synth 8-155] case statement is not full and has no default [C:/Users/User/player_shoot/build/vivado/player_shoot.srcs/sources_1/imports/source/alchitry_top.sv:96]
INFO: [Synth 8-6155] done synthesizing module 'alchitry_top' (0#1) [C:/Users/User/player_shoot/build/vivado/player_shoot.srcs/sources_1/imports/source/alchitry_top.sv:7]
WARNING: [Synth 8-7129] Port alufn_signal[6] in module compact_shifter is either unconnected or has no load
WARNING: [Synth 8-7129] Port alufn_signal[5] in module compact_shifter is either unconnected or has no load
WARNING: [Synth 8-7129] Port alufn_signal[4] in module compact_shifter is either unconnected or has no load
WARNING: [Synth 8-7129] Port alufn_signal[3] in module compact_shifter is either unconnected or has no load
WARNING: [Synth 8-7129] Port alufn_signal[2] in module compact_shifter is either unconnected or has no load
WARNING: [Synth 8-7129] Port alufn_signal[7] in module boolean is either unconnected or has no load
WARNING: [Synth 8-7129] Port alufn_signal[6] in module boolean is either unconnected or has no load
WARNING: [Synth 8-7129] Port alufn_signal[5] in module boolean is either unconnected or has no load
WARNING: [Synth 8-7129] Port alufn_signal[4] in module boolean is either unconnected or has no load
WARNING: [Synth 8-7129] Port alufn_signal[6] in module compare is either unconnected or has no load
WARNING: [Synth 8-7129] Port alufn_signal[5] in module compare is either unconnected or has no load
WARNING: [Synth 8-7129] Port alufn_signal[4] in module compare is either unconnected or has no load
WARNING: [Synth 8-7129] Port alufn_signal[3] in module compare is either unconnected or has no load
WARNING: [Synth 8-7129] Port alufn_signal[0] in module compare is either unconnected or has no load
WARNING: [Synth 8-7129] Port alufn_signal[6] in module adder is either unconnected or has no load
WARNING: [Synth 8-7129] Port alufn_signal[5] in module adder is either unconnected or has no load
WARNING: [Synth 8-7129] Port alufn_signal[4] in module adder is either unconnected or has no load
WARNING: [Synth 8-7129] Port alufn_signal[3] in module adder is either unconnected or has no load
WARNING: [Synth 8-7129] Port alufn_signal[2] in module adder is either unconnected or has no load
WARNING: [Synth 8-7129] Port alufn_signal[1] in module adder is either unconnected or has no load
WARNING: [Synth 8-7129] Port io_dip[2][7] in module alu_manual_tester is either unconnected or has no load
WARNING: [Synth 8-7129] Port io_dip[2][7] in module player_mode is either unconnected or has no load
WARNING: [Synth 8-7129] Port io_dip[2][6] in module player_mode is either unconnected or has no load
WARNING: [Synth 8-7129] Port io_dip[2][5] in module player_mode is either unconnected or has no load
WARNING: [Synth 8-7129] Port io_dip[2][4] in module player_mode is either unconnected or has no load
WARNING: [Synth 8-7129] Port io_dip[2][3] in module player_mode is either unconnected or has no load
WARNING: [Synth 8-7129] Port io_dip[2][2] in module player_mode is either unconnected or has no load
WARNING: [Synth 8-7129] Port io_dip[2][1] in module player_mode is either unconnected or has no load
WARNING: [Synth 8-7129] Port io_dip[2][0] in module player_mode is either unconnected or has no load
WARNING: [Synth 8-7129] Port io_dip[1][7] in module player_mode is either unconnected or has no load
WARNING: [Synth 8-7129] Port io_dip[1][6] in module player_mode is either unconnected or has no load
WARNING: [Synth 8-7129] Port io_dip[1][5] in module player_mode is either unconnected or has no load
WARNING: [Synth 8-7129] Port io_dip[1][4] in module player_mode is either unconnected or has no load
WARNING: [Synth 8-7129] Port io_dip[1][3] in module player_mode is either unconnected or has no load
WARNING: [Synth 8-7129] Port io_dip[1][2] in module player_mode is either unconnected or has no load
WARNING: [Synth 8-7129] Port io_dip[1][1] in module player_mode is either unconnected or has no load
WARNING: [Synth 8-7129] Port io_dip[1][0] in module player_mode is either unconnected or has no load
WARNING: [Synth 8-7129] Port io_dip[0][7] in module player_mode is either unconnected or has no load
WARNING: [Synth 8-7129] Port io_dip[0][6] in module player_mode is either unconnected or has no load
WARNING: [Synth 8-7129] Port io_dip[0][5] in module player_mode is either unconnected or has no load
WARNING: [Synth 8-7129] Port io_dip[0][4] in module player_mode is either unconnected or has no load
WARNING: [Synth 8-7129] Port io_dip[0][3] in module player_mode is either unconnected or has no load
WARNING: [Synth 8-7129] Port io_dip[0][2] in module player_mode is either unconnected or has no load
WARNING: [Synth 8-7129] Port io_dip[0][1] in module player_mode is either unconnected or has no load
WARNING: [Synth 8-7129] Port io_dip[0][0] in module player_mode is either unconnected or has no load
---------------------------------------------------------------------------------
Finished RTL Elaboration : Time (s): cpu = 00:00:09 ; elapsed = 00:00:10 . Memory (MB): peak = 1417.430 ; gain = 570.941
---------------------------------------------------------------------------------
---------------------------------------------------------------------------------
Start Handling Custom Attributes
---------------------------------------------------------------------------------
---------------------------------------------------------------------------------
Finished Handling Custom Attributes : Time (s): cpu = 00:00:10 ; elapsed = 00:00:10 . Memory (MB): peak = 1417.430 ; gain = 570.941
---------------------------------------------------------------------------------
---------------------------------------------------------------------------------
Finished RTL Optimization Phase 1 : Time (s): cpu = 00:00:10 ; elapsed = 00:00:10 . Memory (MB): peak = 1417.430 ; gain = 570.941
---------------------------------------------------------------------------------
Netlist sorting complete. Time (s): cpu = 00:00:00 ; elapsed = 00:00:00.041 . Memory (MB): peak = 1417.430 ; gain = 0.000
INFO: [Project 1-570] Preparing netlist for logic optimization

Processing XDC Constraints
Initializing timing engine
Parsing XDC File [C:/Users/User/player_shoot/build/constraint/alchitry.xdc]
Finished Parsing XDC File [C:/Users/User/player_shoot/build/constraint/alchitry.xdc]
INFO: [Project 1-236] Implementation specific constraints were found while reading constraint file [C:/Users/User/player_shoot/build/constraint/alchitry.xdc]. These constraints will be ignored for synthesis but will be used in implementation. Impacted constraints are listed in the file [.Xil/alchitry_top_propImpl.xdc].
Resolution: To avoid this warning, move constraints listed in [.Xil/alchitry_top_propImpl.xdc] to another XDC file and exclude this new file from synthesis with the used_in_synthesis property (File Properties dialog in GUI) and re-run elaboration/synthesis.
Parsing XDC File [C:/Users/User/player_shoot/build/constraint/au_props.xdc]
Finished Parsing XDC File [C:/Users/User/player_shoot/build/constraint/au_props.xdc]
Completed Processing XDC Constraints

Netlist sorting complete. Time (s): cpu = 00:00:00 ; elapsed = 00:00:00.004 . Memory (MB): peak = 1527.000 ; gain = 0.000
INFO: [Project 1-111] Unisim Transformation Summary:
No Unisim elements were transformed.

The system cannot find the path specified.
Constraint Validation Runtime : Time (s): cpu = 00:00:00 ; elapsed = 00:00:00.019 . Memory (MB): peak = 1527.000 ; gain = 0.000
---------------------------------------------------------------------------------
Finished Constraint Validation : Time (s): cpu = 00:00:19 ; elapsed = 00:00:20 . Memory (MB): peak = 1527.000 ; gain = 680.512
---------------------------------------------------------------------------------
---------------------------------------------------------------------------------
Start Loading Part and Timing Information
---------------------------------------------------------------------------------
Loading part: xc7a35tftg256-1
---------------------------------------------------------------------------------
Finished Loading Part and Timing Information : Time (s): cpu = 00:00:19 ; elapsed = 00:00:20 . Memory (MB): peak = 1527.000 ; gain = 680.512
---------------------------------------------------------------------------------
---------------------------------------------------------------------------------
Start Applying 'set_property' XDC Constraints
---------------------------------------------------------------------------------
---------------------------------------------------------------------------------
Finished applying 'set_property' XDC Constraints : Time (s): cpu = 00:00:19 ; elapsed = 00:00:20 . Memory (MB): peak = 1527.000 ; gain = 680.512
---------------------------------------------------------------------------------
INFO: [Synth 8-802] inferred FSM for state register 'D_state_q_reg' in module 'ws2812b_driver'
INFO: [Synth 8-802] inferred FSM for state register 'D_fsm_q_reg' in module 'player_mode'
INFO: [Synth 8-802] inferred FSM for state register 'D_states_q_reg' in module 'alu_manual_tester'
---------------------------------------------------------------------------------------------------
                   State |                     New Encoding |                Previous Encoding 
---------------------------------------------------------------------------------------------------
                  iSTATE |                               00 |                               01
                 iSTATE1 |                               01 |                               10
                 iSTATE0 |                               10 |                               00
---------------------------------------------------------------------------------------------------
INFO: [Synth 8-3354] encoded FSM with state register 'D_state_q_reg' using encoding 'sequential' in module 'ws2812b_driver'
---------------------------------------------------------------------------------------------------
                   State |                     New Encoding |                Previous Encoding 
---------------------------------------------------------------------------------------------------
                 iSTATE1 |                              001 |                               00
                  iSTATE |                              010 |                               01
                 iSTATE0 |                              100 |                               10
---------------------------------------------------------------------------------------------------
INFO: [Synth 8-3354] encoded FSM with state register 'D_fsm_q_reg' using encoding 'one-hot' in module 'player_mode'
---------------------------------------------------------------------------------------------------
                   State |                     New Encoding |                Previous Encoding 
---------------------------------------------------------------------------------------------------
                  iSTATE |                              000 |                              000
                 iSTATE3 |                              001 |                              001
                 iSTATE0 |                              010 |                              010
                 iSTATE2 |                              011 |                              011
                 iSTATE1 |                              100 |                              100
---------------------------------------------------------------------------------------------------
INFO: [Synth 8-3354] encoded FSM with state register 'D_states_q_reg' using encoding 'sequential' in module 'alu_manual_tester'
---------------------------------------------------------------------------------
Finished RTL Optimization Phase 2 : Time (s): cpu = 00:00:22 ; elapsed = 00:00:22 . Memory (MB): peak = 1527.000 ; gain = 680.512
---------------------------------------------------------------------------------
---------------------------------------------------------------------------------
Start RTL Component Statistics 
---------------------------------------------------------------------------------
Detailed RTL Component Info : 
+---Adders : 
	   3 Input   32 Bit       Adders := 1     
	   2 Input    8 Bit       Adders := 6     
	   2 Input    7 Bit       Adders := 1     
	   2 Input    5 Bit       Adders := 1     
	   2 Input    4 Bit       Adders := 6     
	   2 Input    2 Bit       Adders := 5     
+---XORs : 
	   2 Input     32 Bit         XORs := 1     
	   2 Input      4 Bit         XORs := 1     
	   3 Input      1 Bit         XORs := 528   
	   2 Input      1 Bit         XORs := 1     
+---Registers : 
	               32 Bit    Registers := 2     
	                8 Bit    Registers := 4     
	                7 Bit    Registers := 1     
	                5 Bit    Registers := 1     
	                4 Bit    Registers := 7     
	                2 Bit    Registers := 16    
	                1 Bit    Registers := 16    
+---RAMs : 
	              512 Bit	(256 X 2 bit)          RAMs := 1     
+---Muxes : 
	   2 Input   32 Bit        Muxes := 2     
	   5 Input   32 Bit        Muxes := 4     
	   4 Input   20 Bit        Muxes := 1     
	   2 Input    8 Bit        Muxes := 10    
	  13 Input    8 Bit        Muxes := 2     
	   6 Input    8 Bit        Muxes := 1     
	   3 Input    8 Bit        Muxes := 8     
	   5 Input    8 Bit        Muxes := 4     
	   2 Input    5 Bit        Muxes := 1     
	   4 Input    4 Bit        Muxes := 2     
	   2 Input    4 Bit        Muxes := 8     
	   3 Input    4 Bit        Muxes := 1     
	  13 Input    3 Bit        Muxes := 2     
	   3 Input    3 Bit        Muxes := 1     
	   5 Input    3 Bit        Muxes := 1     
	   2 Input    3 Bit        Muxes := 1     
	  13 Input    2 Bit        Muxes := 2     
	   2 Input    2 Bit        Muxes := 2     
	   3 Input    2 Bit        Muxes := 3     
	  13 Input    1 Bit        Muxes := 9     
	   2 Input    1 Bit        Muxes := 261   
	   3 Input    1 Bit        Muxes := 19    
	   4 Input    1 Bit        Muxes := 97    
	   5 Input    1 Bit        Muxes := 4     
---------------------------------------------------------------------------------
Finished RTL Component Statistics 
---------------------------------------------------------------------------------
---------------------------------------------------------------------------------
Start Part Resource Summary
---------------------------------------------------------------------------------
Part Resources:
DSPs: 90 (col length:60)
BRAMs: 100 (col length: RAMB18 60 RAMB36 30)
---------------------------------------------------------------------------------
Finished Part Resource Summary
---------------------------------------------------------------------------------
---------------------------------------------------------------------------------
Start Cross Boundary and Area Optimization
---------------------------------------------------------------------------------
WARNING: [Synth 8-7080] Parallel synthesis criteria is not met
WARNING: [Synth 8-7129] Port io_dip[2][7] in module alu_manual_tester is either unconnected or has no load
---------------------------------------------------------------------------------
Finished Cross Boundary and Area Optimization : Time (s): cpu = 00:00:54 ; elapsed = 00:00:55 . Memory (MB): peak = 1527.000 ; gain = 680.512
---------------------------------------------------------------------------------
---------------------------------------------------------------------------------
Start ROM, RAM, DSP, Shift Register and Retiming Reporting
---------------------------------------------------------------------------------

Distributed RAM: Preliminary Mapping Report (see note below)
+-------------+-----------------------------+-----------+----------------------+----------------+
|Module Name  | RTL Object                  | Inference | Size (Depth x Width) | Primitives     | 
+-------------+-----------------------------+-----------+----------------------+----------------+
|alchitry_top | player_mode/ram/ram/mem_reg | Implied   | 256 x 2              | RAM128X1D x 4  | 
+-------------+-----------------------------+-----------+----------------------+----------------+

Note: The table above is a preliminary report that shows the Distributed RAMs at the current stage of the synthesis flow. Some Distributed RAMs may be reimplemented as non Distributed RAM primitives later in the synthesis flow. Multiple instantiated RAMs are reported only once.
---------------------------------------------------------------------------------
Finished ROM, RAM, DSP, Shift Register and Retiming Reporting
---------------------------------------------------------------------------------
---------------------------------------------------------------------------------
Start Applying XDC Timing Constraints
---------------------------------------------------------------------------------
---------------------------------------------------------------------------------
Finished Applying XDC Timing Constraints : Time (s): cpu = 00:01:00 ; elapsed = 00:01:01 . Memory (MB): peak = 1527.000 ; gain = 680.512
---------------------------------------------------------------------------------
---------------------------------------------------------------------------------
Start Timing Optimization
---------------------------------------------------------------------------------
---------------------------------------------------------------------------------
Finished Timing Optimization : Time (s): cpu = 00:01:02 ; elapsed = 00:01:03 . Memory (MB): peak = 1527.000 ; gain = 680.512
---------------------------------------------------------------------------------
---------------------------------------------------------------------------------
Start ROM, RAM, DSP, Shift Register and Retiming Reporting
---------------------------------------------------------------------------------

Distributed RAM: Final Mapping Report
+-------------+-----------------------------+-----------+----------------------+----------------+
|Module Name  | RTL Object                  | Inference | Size (Depth x Width) | Primitives     | 
+-------------+-----------------------------+-----------+----------------------+----------------+
|alchitry_top | player_mode/ram/ram/mem_reg | Implied   | 256 x 2              | RAM128X1D x 4  | 
+-------------+-----------------------------+-----------+----------------------+----------------+

---------------------------------------------------------------------------------
Finished ROM, RAM, DSP, Shift Register and Retiming Reporting
---------------------------------------------------------------------------------
---------------------------------------------------------------------------------
Start Technology Mapping
---------------------------------------------------------------------------------
---------------------------------------------------------------------------------
Finished Technology Mapping : Time (s): cpu = 00:01:04 ; elapsed = 00:01:05 . Memory (MB): peak = 1530.859 ; gain = 684.371
---------------------------------------------------------------------------------
---------------------------------------------------------------------------------
Start IO Insertion
---------------------------------------------------------------------------------
---------------------------------------------------------------------------------
Start Flattening Before IO Insertion
---------------------------------------------------------------------------------
---------------------------------------------------------------------------------
Finished Flattening Before IO Insertion
---------------------------------------------------------------------------------
---------------------------------------------------------------------------------
Start Final Netlist Cleanup
---------------------------------------------------------------------------------
---------------------------------------------------------------------------------
Finished Final Netlist Cleanup
---------------------------------------------------------------------------------
---------------------------------------------------------------------------------
Finished IO Insertion : Time (s): cpu = 00:01:09 ; elapsed = 00:01:10 . Memory (MB): peak = 1545.656 ; gain = 699.168
---------------------------------------------------------------------------------
---------------------------------------------------------------------------------
Start Renaming Generated Instances
---------------------------------------------------------------------------------
---------------------------------------------------------------------------------
Finished Renaming Generated Instances : Time (s): cpu = 00:01:09 ; elapsed = 00:01:10 . Memory (MB): peak = 1545.656 ; gain = 699.168
---------------------------------------------------------------------------------
---------------------------------------------------------------------------------
Start Rebuilding User Hierarchy
---------------------------------------------------------------------------------
---------------------------------------------------------------------------------
Finished Rebuilding User Hierarchy : Time (s): cpu = 00:01:09 ; elapsed = 00:01:10 . Memory (MB): peak = 1545.656 ; gain = 699.168
---------------------------------------------------------------------------------
---------------------------------------------------------------------------------
Start Renaming Generated Ports
---------------------------------------------------------------------------------
---------------------------------------------------------------------------------
Finished Renaming Generated Ports : Time (s): cpu = 00:01:09 ; elapsed = 00:01:10 . Memory (MB): peak = 1545.656 ; gain = 699.168
---------------------------------------------------------------------------------
---------------------------------------------------------------------------------
Start Handling Custom Attributes
---------------------------------------------------------------------------------
---------------------------------------------------------------------------------
Finished Handling Custom Attributes : Time (s): cpu = 00:01:09 ; elapsed = 00:01:10 . Memory (MB): peak = 1545.656 ; gain = 699.168
---------------------------------------------------------------------------------
---------------------------------------------------------------------------------
Start Renaming Generated Nets
---------------------------------------------------------------------------------
---------------------------------------------------------------------------------
Finished Renaming Generated Nets : Time (s): cpu = 00:01:09 ; elapsed = 00:01:10 . Memory (MB): peak = 1545.656 ; gain = 699.168
---------------------------------------------------------------------------------
---------------------------------------------------------------------------------
Start Writing Synthesis Report
---------------------------------------------------------------------------------

Report BlackBoxes: 
+-+--------------+----------+
| |BlackBox name |Instances |
+-+--------------+----------+
+-+--------------+----------+

Report Cell Usage: 
+------+----------+------+
|      |Cell      |Count |
+------+----------+------+
|1     |BUFG      |     1|
|2     |CARRY4    |    51|
|3     |LUT1      |    23|
|4     |LUT2      |   516|
|5     |LUT3      |    74|
|6     |LUT4      |   215|
|7     |LUT5      |   155|
|8     |LUT6      |  1117|
|9     |RAM128X1D |     4|
|10    |FDPE      |     4|
|11    |FDRE      |   300|
|12    |FDSE      |     8|
|13    |IBUF      |    31|
|14    |OBUF      |    46|
+------+----------+------+
---------------------------------------------------------------------------------
Finished Writing Synthesis Report : Time (s): cpu = 00:01:09 ; elapsed = 00:01:10 . Memory (MB): peak = 1545.656 ; gain = 699.168
---------------------------------------------------------------------------------
Synthesis finished with 0 errors, 0 critical warnings and 2 warnings.
Synthesis Optimization Runtime : Time (s): cpu = 00:00:57 ; elapsed = 00:01:08 . Memory (MB): peak = 1545.656 ; gain = 589.598
Synthesis Optimization Complete : Time (s): cpu = 00:01:09 ; elapsed = 00:01:11 . Memory (MB): peak = 1545.656 ; gain = 699.168
INFO: [Project 1-571] Translating synthesized netlist
Netlist sorting complete. Time (s): cpu = 00:00:00 ; elapsed = 00:00:00.030 . Memory (MB): peak = 1558.840 ; gain = 0.000
INFO: [Netlist 29-17] Analyzing 55 Unisim elements for replacement
INFO: [Netlist 29-28] Unisim Transformation completed in 0 CPU seconds
INFO: [Project 1-570] Preparing netlist for logic optimization
INFO: [Opt 31-138] Pushed 0 inverter(s) to 0 load pin(s).
Netlist sorting complete. Time (s): cpu = 00:00:00 ; elapsed = 00:00:00.001 . Memory (MB): peak = 1562.844 ; gain = 0.000
INFO: [Project 1-111] Unisim Transformation Summary:
  A total of 4 instances were transformed.
  RAM128X1D => RAM128X1D (MUXF7(x2), RAMD64E(x4)): 4 instances

The system cannot find the path specified.
Synth Design complete | Checksum: 1f79503a
INFO: [Common 17-83] Releasing license: Synthesis
96 Infos, 47 Warnings, 0 Critical Warnings and 0 Errors encountered.
synth_design completed successfully
synth_design: Time (s): cpu = 00:01:15 ; elapsed = 00:01:17 . Memory (MB): peak = 1562.844 ; gain = 1109.684
Write ShapeDB Complete: Time (s): cpu = 00:00:00 ; elapsed = 00:00:00.005 . Memory (MB): peak = 1562.844 ; gain = 0.000
INFO: [Common 17-1381] The checkpoint 'C:/Users/User/player_shoot/build/vivado/player_shoot.runs/synth_1/alchitry_top.dcp' has been generated.
INFO: [runtcl-4] Executing : report_utilization -file alchitry_top_utilization_synth.rpt -pb alchitry_top_utilization_synth.pb
INFO: [Common 17-206] Exiting Vivado at Tue Apr  1 23:04:44 2025...
