
*** Running vivado
    with args -log alchitry_top.vds -m64 -product Vivado -mode batch -messageDb vivado.pb -notrace -source alchitry_top.tcl



****** Vivado v2024.2 (64-bit)
  **** SW Build 5239630 on Fri Nov 08 22:35:27 MST 2024
  **** IP Build 5239520 on Sun Nov 10 16:12:51 MST 2024
  **** SharedData Build 5239561 on Fri Nov 08 14:39:27 MST 2024
  **** Start of session at: Tue Mar 18 11:16:32 2025
    ** Copyright 1986-2022 Xilinx, Inc. All Rights Reserved.
    ** Copyright 2022-2024 Advanced Micro Devices, Inc. All Rights Reserved.

source alchitry_top.tcl -notrace
Command: synth_design -top alchitry_top -part xc7a35tftg256-1
Starting synth_design
Attempting to get a license for feature 'Synthesis' and/or device 'xc7a35t'
INFO: [Common 17-349] Got license for feature 'Synthesis' and/or device 'xc7a35t'
INFO: [Device 21-403] Loading part xc7a35tftg256-1
INFO: [Synth 8-7079] Multithreading enabled for synth_design using a maximum of 2 processes.
INFO: [Synth 8-7078] Launching helper process for spawning children vivado processes
INFO: [Synth 8-7075] Helper process launched with PID 35332
---------------------------------------------------------------------------------
Starting RTL Elaboration : Time (s): cpu = 00:00:06 ; elapsed = 00:00:06 . Memory (MB): peak = 949.531 ; gain = 467.293
---------------------------------------------------------------------------------
INFO: [Synth 8-6157] synthesizing module 'alchitry_top' [C:/Users/flgoa/Desktop/SUTD/Term4/50.002 CompStruct/G32-CompStruct/50002-lab3-alu/build/vivado/alu.srcs/sources_1/imports/source/alchitry_top.sv:7]
INFO: [Synth 8-6157] synthesizing module 'reset_conditioner' [C:/Users/flgoa/Desktop/SUTD/Term4/50.002 CompStruct/G32-CompStruct/50002-lab3-alu/build/vivado/alu.srcs/sources_1/imports/source/reset_conditioner.sv:7]
	Parameter STAGES bound to: 3'b100 
INFO: [Synth 8-6155] done synthesizing module 'reset_conditioner' (0#1) [C:/Users/flgoa/Desktop/SUTD/Term4/50.002 CompStruct/G32-CompStruct/50002-lab3-alu/build/vivado/alu.srcs/sources_1/imports/source/reset_conditioner.sv:7]
INFO: [Synth 8-6157] synthesizing module 'alu_manual_tester' [C:/Users/flgoa/Desktop/SUTD/Term4/50.002 CompStruct/G32-CompStruct/50002-lab3-alu/build/vivado/alu.srcs/sources_1/imports/source/alu_manual_tester.sv:7]
	Parameter CLK_FREQ bound to: 27'b101111101011110000100000000 
INFO: [Synth 8-6157] synthesizing module 'edge_detector' [C:/Users/flgoa/Desktop/SUTD/Term4/50.002 CompStruct/G32-CompStruct/50002-lab3-alu/build/vivado/alu.srcs/sources_1/imports/source/edge_detector.sv:7]
	Parameter RISE bound to: 1'b1 
	Parameter FALL bound to: 1'b0 
INFO: [Synth 8-6155] done synthesizing module 'edge_detector' (0#1) [C:/Users/flgoa/Desktop/SUTD/Term4/50.002 CompStruct/G32-CompStruct/50002-lab3-alu/build/vivado/alu.srcs/sources_1/imports/source/edge_detector.sv:7]
INFO: [Synth 8-6157] synthesizing module 'button_conditioner' [C:/Users/flgoa/Desktop/SUTD/Term4/50.002 CompStruct/G32-CompStruct/50002-lab3-alu/build/vivado/alu.srcs/sources_1/imports/source/button_conditioner.sv:7]
	Parameter CLK_FREQ bound to: 10'b1111101000 
	Parameter MIN_DELAY bound to: 5'b10100 
	Parameter NUM_SYNC bound to: 2'b10 
INFO: [Synth 8-6157] synthesizing module 'pipeline' [C:/Users/flgoa/Desktop/SUTD/Term4/50.002 CompStruct/G32-CompStruct/50002-lab3-alu/build/vivado/alu.srcs/sources_1/imports/source/pipeline.sv:7]
	Parameter DEPTH bound to: 2'b10 
INFO: [Synth 8-6155] done synthesizing module 'pipeline' (0#1) [C:/Users/flgoa/Desktop/SUTD/Term4/50.002 CompStruct/G32-CompStruct/50002-lab3-alu/build/vivado/alu.srcs/sources_1/imports/source/pipeline.sv:7]
INFO: [Synth 8-6155] done synthesizing module 'button_conditioner' (0#1) [C:/Users/flgoa/Desktop/SUTD/Term4/50.002 CompStruct/G32-CompStruct/50002-lab3-alu/build/vivado/alu.srcs/sources_1/imports/source/button_conditioner.sv:7]
INFO: [Synth 8-6157] synthesizing module 'alu' [C:/Users/flgoa/Desktop/SUTD/Term4/50.002 CompStruct/G32-CompStruct/50002-lab3-alu/build/vivado/alu.srcs/sources_1/imports/source/alu.sv:7]
INFO: [Synth 8-6157] synthesizing module 'mux_2' [C:/Users/flgoa/Desktop/SUTD/Term4/50.002 CompStruct/G32-CompStruct/50002-lab3-alu/build/vivado/alu.srcs/sources_1/imports/source/mux_2.sv:7]
INFO: [Synth 8-226] default block is never used [C:/Users/flgoa/Desktop/SUTD/Term4/50.002 CompStruct/G32-CompStruct/50002-lab3-alu/build/vivado/alu.srcs/sources_1/imports/source/mux_2.sv:14]
INFO: [Synth 8-6155] done synthesizing module 'mux_2' (0#1) [C:/Users/flgoa/Desktop/SUTD/Term4/50.002 CompStruct/G32-CompStruct/50002-lab3-alu/build/vivado/alu.srcs/sources_1/imports/source/mux_2.sv:7]
INFO: [Synth 8-6157] synthesizing module 'mux_4' [C:/Users/flgoa/Desktop/SUTD/Term4/50.002 CompStruct/G32-CompStruct/50002-lab3-alu/build/vivado/alu.srcs/sources_1/imports/source/mux_4.sv:7]
INFO: [Synth 8-226] default block is never used [C:/Users/flgoa/Desktop/SUTD/Term4/50.002 CompStruct/G32-CompStruct/50002-lab3-alu/build/vivado/alu.srcs/sources_1/imports/source/mux_4.sv:15]
INFO: [Synth 8-6155] done synthesizing module 'mux_4' (0#1) [C:/Users/flgoa/Desktop/SUTD/Term4/50.002 CompStruct/G32-CompStruct/50002-lab3-alu/build/vivado/alu.srcs/sources_1/imports/source/mux_4.sv:7]
INFO: [Synth 8-6157] synthesizing module 'adder' [C:/Users/flgoa/Desktop/SUTD/Term4/50.002 CompStruct/G32-CompStruct/50002-lab3-alu/build/vivado/alu.srcs/sources_1/imports/source/adder.sv:7]
	Parameter SIZE bound to: 6'b100000 
INFO: [Synth 8-6157] synthesizing module 'rca' [C:/Users/flgoa/Desktop/SUTD/Term4/50.002 CompStruct/G32-CompStruct/50002-lab3-alu/build/vivado/alu.srcs/sources_1/imports/source/rca.sv:7]
	Parameter SIZE bound to: 6'b100000 
INFO: [Synth 8-6157] synthesizing module 'fa' [C:/Users/flgoa/Desktop/SUTD/Term4/50.002 CompStruct/G32-CompStruct/50002-lab3-alu/build/vivado/alu.srcs/sources_1/imports/source/fa.sv:7]
INFO: [Synth 8-6155] done synthesizing module 'fa' (0#1) [C:/Users/flgoa/Desktop/SUTD/Term4/50.002 CompStruct/G32-CompStruct/50002-lab3-alu/build/vivado/alu.srcs/sources_1/imports/source/fa.sv:7]
INFO: [Synth 8-6155] done synthesizing module 'rca' (0#1) [C:/Users/flgoa/Desktop/SUTD/Term4/50.002 CompStruct/G32-CompStruct/50002-lab3-alu/build/vivado/alu.srcs/sources_1/imports/source/rca.sv:7]
INFO: [Synth 8-6155] done synthesizing module 'adder' (0#1) [C:/Users/flgoa/Desktop/SUTD/Term4/50.002 CompStruct/G32-CompStruct/50002-lab3-alu/build/vivado/alu.srcs/sources_1/imports/source/adder.sv:7]
INFO: [Synth 8-6157] synthesizing module 'compare' [C:/Users/flgoa/Desktop/SUTD/Term4/50.002 CompStruct/G32-CompStruct/50002-lab3-alu/build/vivado/alu.srcs/sources_1/imports/source/compare.sv:7]
INFO: [Synth 8-6155] done synthesizing module 'compare' (0#1) [C:/Users/flgoa/Desktop/SUTD/Term4/50.002 CompStruct/G32-CompStruct/50002-lab3-alu/build/vivado/alu.srcs/sources_1/imports/source/compare.sv:7]
INFO: [Synth 8-6157] synthesizing module 'boolean' [C:/Users/flgoa/Desktop/SUTD/Term4/50.002 CompStruct/G32-CompStruct/50002-lab3-alu/build/vivado/alu.srcs/sources_1/imports/source/boolean.sv:7]
	Parameter SIZE bound to: 6'b100000 
INFO: [Synth 8-6155] done synthesizing module 'boolean' (0#1) [C:/Users/flgoa/Desktop/SUTD/Term4/50.002 CompStruct/G32-CompStruct/50002-lab3-alu/build/vivado/alu.srcs/sources_1/imports/source/boolean.sv:7]
INFO: [Synth 8-6157] synthesizing module 'compact_shifter' [C:/Users/flgoa/Desktop/SUTD/Term4/50.002 CompStruct/G32-CompStruct/50002-lab3-alu/build/vivado/alu.srcs/sources_1/imports/source/compact_shifter.sv:7]
INFO: [Synth 8-6157] synthesizing module 'shifter' [C:/Users/flgoa/Desktop/SUTD/Term4/50.002 CompStruct/G32-CompStruct/50002-lab3-alu/build/vivado/alu.srcs/sources_1/imports/source/shifter.sv:7]
INFO: [Synth 8-6157] synthesizing module 'x_bit_left_shifter' [C:/Users/flgoa/Desktop/SUTD/Term4/50.002 CompStruct/G32-CompStruct/50002-lab3-alu/build/vivado/alu.srcs/sources_1/imports/source/x_bit_left_shifter.sv:7]
	Parameter SHIFT bound to: 5'b00001 
INFO: [Synth 8-6155] done synthesizing module 'x_bit_left_shifter' (0#1) [C:/Users/flgoa/Desktop/SUTD/Term4/50.002 CompStruct/G32-CompStruct/50002-lab3-alu/build/vivado/alu.srcs/sources_1/imports/source/x_bit_left_shifter.sv:7]
INFO: [Synth 8-6157] synthesizing module 'x_bit_left_shifter__parameterized0' [C:/Users/flgoa/Desktop/SUTD/Term4/50.002 CompStruct/G32-CompStruct/50002-lab3-alu/build/vivado/alu.srcs/sources_1/imports/source/x_bit_left_shifter.sv:7]
	Parameter SHIFT bound to: 5'b00010 
INFO: [Synth 8-6155] done synthesizing module 'x_bit_left_shifter__parameterized0' (0#1) [C:/Users/flgoa/Desktop/SUTD/Term4/50.002 CompStruct/G32-CompStruct/50002-lab3-alu/build/vivado/alu.srcs/sources_1/imports/source/x_bit_left_shifter.sv:7]
INFO: [Synth 8-6157] synthesizing module 'x_bit_left_shifter__parameterized1' [C:/Users/flgoa/Desktop/SUTD/Term4/50.002 CompStruct/G32-CompStruct/50002-lab3-alu/build/vivado/alu.srcs/sources_1/imports/source/x_bit_left_shifter.sv:7]
	Parameter SHIFT bound to: 5'b00100 
INFO: [Synth 8-6155] done synthesizing module 'x_bit_left_shifter__parameterized1' (0#1) [C:/Users/flgoa/Desktop/SUTD/Term4/50.002 CompStruct/G32-CompStruct/50002-lab3-alu/build/vivado/alu.srcs/sources_1/imports/source/x_bit_left_shifter.sv:7]
INFO: [Synth 8-6157] synthesizing module 'x_bit_left_shifter__parameterized2' [C:/Users/flgoa/Desktop/SUTD/Term4/50.002 CompStruct/G32-CompStruct/50002-lab3-alu/build/vivado/alu.srcs/sources_1/imports/source/x_bit_left_shifter.sv:7]
	Parameter SHIFT bound to: 5'b01000 
INFO: [Synth 8-6155] done synthesizing module 'x_bit_left_shifter__parameterized2' (0#1) [C:/Users/flgoa/Desktop/SUTD/Term4/50.002 CompStruct/G32-CompStruct/50002-lab3-alu/build/vivado/alu.srcs/sources_1/imports/source/x_bit_left_shifter.sv:7]
INFO: [Synth 8-6157] synthesizing module 'x_bit_left_shifter__parameterized3' [C:/Users/flgoa/Desktop/SUTD/Term4/50.002 CompStruct/G32-CompStruct/50002-lab3-alu/build/vivado/alu.srcs/sources_1/imports/source/x_bit_left_shifter.sv:7]
	Parameter SHIFT bound to: 5'b10000 
INFO: [Synth 8-6155] done synthesizing module 'x_bit_left_shifter__parameterized3' (0#1) [C:/Users/flgoa/Desktop/SUTD/Term4/50.002 CompStruct/G32-CompStruct/50002-lab3-alu/build/vivado/alu.srcs/sources_1/imports/source/x_bit_left_shifter.sv:7]
INFO: [Synth 8-6155] done synthesizing module 'shifter' (0#1) [C:/Users/flgoa/Desktop/SUTD/Term4/50.002 CompStruct/G32-CompStruct/50002-lab3-alu/build/vivado/alu.srcs/sources_1/imports/source/shifter.sv:7]
INFO: [Synth 8-6157] synthesizing module 'bit_reverser' [C:/Users/flgoa/Desktop/SUTD/Term4/50.002 CompStruct/G32-CompStruct/50002-lab3-alu/build/vivado/alu.srcs/sources_1/imports/source/bit_reverser.sv:7]
	Parameter SIZE bound to: 6'b100000 
INFO: [Synth 8-6155] done synthesizing module 'bit_reverser' (0#1) [C:/Users/flgoa/Desktop/SUTD/Term4/50.002 CompStruct/G32-CompStruct/50002-lab3-alu/build/vivado/alu.srcs/sources_1/imports/source/bit_reverser.sv:7]
INFO: [Synth 8-6155] done synthesizing module 'compact_shifter' (0#1) [C:/Users/flgoa/Desktop/SUTD/Term4/50.002 CompStruct/G32-CompStruct/50002-lab3-alu/build/vivado/alu.srcs/sources_1/imports/source/compact_shifter.sv:7]
INFO: [Synth 8-6157] synthesizing module 'multiplier' [C:/Users/flgoa/Desktop/SUTD/Term4/50.002 CompStruct/G32-CompStruct/50002-lab3-alu/build/vivado/alu.srcs/sources_1/imports/source/multiplier.sv:7]
INFO: [Synth 8-6155] done synthesizing module 'multiplier' (0#1) [C:/Users/flgoa/Desktop/SUTD/Term4/50.002 CompStruct/G32-CompStruct/50002-lab3-alu/build/vivado/alu.srcs/sources_1/imports/source/multiplier.sv:7]
INFO: [Synth 8-6155] done synthesizing module 'alu' (0#1) [C:/Users/flgoa/Desktop/SUTD/Term4/50.002 CompStruct/G32-CompStruct/50002-lab3-alu/build/vivado/alu.srcs/sources_1/imports/source/alu.sv:7]
INFO: [Synth 8-155] case statement is not full and has no default [C:/Users/flgoa/Desktop/SUTD/Term4/50.002 CompStruct/G32-CompStruct/50002-lab3-alu/build/vivado/alu.srcs/sources_1/imports/source/alu_manual_tester.sv:112]
INFO: [Synth 8-6155] done synthesizing module 'alu_manual_tester' (0#1) [C:/Users/flgoa/Desktop/SUTD/Term4/50.002 CompStruct/G32-CompStruct/50002-lab3-alu/build/vivado/alu.srcs/sources_1/imports/source/alu_manual_tester.sv:7]
INFO: [Synth 8-6155] done synthesizing module 'alchitry_top' (0#1) [C:/Users/flgoa/Desktop/SUTD/Term4/50.002 CompStruct/G32-CompStruct/50002-lab3-alu/build/vivado/alu.srcs/sources_1/imports/source/alchitry_top.sv:7]
WARNING: [Synth 8-7129] Port alufn_signal[5] in module compact_shifter is either unconnected or has no load
WARNING: [Synth 8-7129] Port alufn_signal[4] in module compact_shifter is either unconnected or has no load
WARNING: [Synth 8-7129] Port alufn_signal[3] in module compact_shifter is either unconnected or has no load
WARNING: [Synth 8-7129] Port alufn_signal[2] in module compact_shifter is either unconnected or has no load
WARNING: [Synth 8-7129] Port alufn_signal[5] in module boolean is either unconnected or has no load
WARNING: [Synth 8-7129] Port alufn_signal[4] in module boolean is either unconnected or has no load
WARNING: [Synth 8-7129] Port alufn_signal[5] in module compare is either unconnected or has no load
WARNING: [Synth 8-7129] Port alufn_signal[4] in module compare is either unconnected or has no load
WARNING: [Synth 8-7129] Port alufn_signal[3] in module compare is either unconnected or has no load
WARNING: [Synth 8-7129] Port alufn_signal[0] in module compare is either unconnected or has no load
WARNING: [Synth 8-7129] Port alufn_signal[5] in module adder is either unconnected or has no load
WARNING: [Synth 8-7129] Port alufn_signal[4] in module adder is either unconnected or has no load
WARNING: [Synth 8-7129] Port alufn_signal[3] in module adder is either unconnected or has no load
WARNING: [Synth 8-7129] Port alufn_signal[2] in module adder is either unconnected or has no load
WARNING: [Synth 8-7129] Port alufn_signal[1] in module adder is either unconnected or has no load
WARNING: [Synth 8-7129] Port io_dip[2][7] in module alu_manual_tester is either unconnected or has no load
WARNING: [Synth 8-7129] Port io_dip[2][6] in module alu_manual_tester is either unconnected or has no load
---------------------------------------------------------------------------------
Finished RTL Elaboration : Time (s): cpu = 00:00:08 ; elapsed = 00:00:09 . Memory (MB): peak = 1074.121 ; gain = 591.883
---------------------------------------------------------------------------------
---------------------------------------------------------------------------------
Start Handling Custom Attributes
---------------------------------------------------------------------------------
---------------------------------------------------------------------------------
Finished Handling Custom Attributes : Time (s): cpu = 00:00:08 ; elapsed = 00:00:09 . Memory (MB): peak = 1074.121 ; gain = 591.883
---------------------------------------------------------------------------------
---------------------------------------------------------------------------------
Finished RTL Optimization Phase 1 : Time (s): cpu = 00:00:08 ; elapsed = 00:00:09 . Memory (MB): peak = 1074.121 ; gain = 591.883
---------------------------------------------------------------------------------
Netlist sorting complete. Time (s): cpu = 00:00:00 ; elapsed = 00:00:00.023 . Memory (MB): peak = 1074.121 ; gain = 0.000
INFO: [Project 1-570] Preparing netlist for logic optimization

Processing XDC Constraints
Initializing timing engine
Parsing XDC File [C:/Users/flgoa/Desktop/SUTD/Term4/50.002 CompStruct/G32-CompStruct/50002-lab3-alu/build/constraint/alchitry.xdc]
Finished Parsing XDC File [C:/Users/flgoa/Desktop/SUTD/Term4/50.002 CompStruct/G32-CompStruct/50002-lab3-alu/build/constraint/alchitry.xdc]
INFO: [Project 1-236] Implementation specific constraints were found while reading constraint file [C:/Users/flgoa/Desktop/SUTD/Term4/50.002 CompStruct/G32-CompStruct/50002-lab3-alu/build/constraint/alchitry.xdc]. These constraints will be ignored for synthesis but will be used in implementation. Impacted constraints are listed in the file [.Xil/alchitry_top_propImpl.xdc].
Resolution: To avoid this warning, move constraints listed in [.Xil/alchitry_top_propImpl.xdc] to another XDC file and exclude this new file from synthesis with the used_in_synthesis property (File Properties dialog in GUI) and re-run elaboration/synthesis.
Parsing XDC File [C:/Users/flgoa/Desktop/SUTD/Term4/50.002 CompStruct/G32-CompStruct/50002-lab3-alu/build/constraint/au_props.xdc]
Finished Parsing XDC File [C:/Users/flgoa/Desktop/SUTD/Term4/50.002 CompStruct/G32-CompStruct/50002-lab3-alu/build/constraint/au_props.xdc]
Completed Processing XDC Constraints

Netlist sorting complete. Time (s): cpu = 00:00:00 ; elapsed = 00:00:00.002 . Memory (MB): peak = 1168.801 ; gain = 0.000
INFO: [Project 1-111] Unisim Transformation Summary:
No Unisim elements were transformed.

Constraint Validation Runtime : Time (s): cpu = 00:00:00 ; elapsed = 00:00:00.013 . Memory (MB): peak = 1168.801 ; gain = 0.000
---------------------------------------------------------------------------------
Finished Constraint Validation : Time (s): cpu = 00:00:17 ; elapsed = 00:00:18 . Memory (MB): peak = 1168.801 ; gain = 686.562
---------------------------------------------------------------------------------
---------------------------------------------------------------------------------
Start Loading Part and Timing Information
---------------------------------------------------------------------------------
Loading part: xc7a35tftg256-1
---------------------------------------------------------------------------------
Finished Loading Part and Timing Information : Time (s): cpu = 00:00:17 ; elapsed = 00:00:18 . Memory (MB): peak = 1168.801 ; gain = 686.562
---------------------------------------------------------------------------------
---------------------------------------------------------------------------------
Start Applying 'set_property' XDC Constraints
---------------------------------------------------------------------------------
---------------------------------------------------------------------------------
Finished applying 'set_property' XDC Constraints : Time (s): cpu = 00:00:17 ; elapsed = 00:00:18 . Memory (MB): peak = 1168.801 ; gain = 686.562
---------------------------------------------------------------------------------
INFO: [Synth 8-802] inferred FSM for state register 'D_states_q_reg' in module 'alu_manual_tester'
---------------------------------------------------------------------------------------------------
                   State |                     New Encoding |                Previous Encoding 
---------------------------------------------------------------------------------------------------
                  iSTATE |                              000 |                              000
                 iSTATE3 |                              001 |                              001
                 iSTATE0 |                              010 |                              010
                 iSTATE2 |                              011 |                              011
                 iSTATE1 |                              100 |                              100
---------------------------------------------------------------------------------------------------
INFO: [Synth 8-3354] encoded FSM with state register 'D_states_q_reg' using encoding 'sequential' in module 'alu_manual_tester'
---------------------------------------------------------------------------------
Finished RTL Optimization Phase 2 : Time (s): cpu = 00:00:18 ; elapsed = 00:00:20 . Memory (MB): peak = 1168.801 ; gain = 686.562
---------------------------------------------------------------------------------
---------------------------------------------------------------------------------
Start RTL Component Statistics 
---------------------------------------------------------------------------------
Detailed RTL Component Info : 
+---Adders : 
	   2 Input    2 Bit       Adders := 5     
+---XORs : 
	   2 Input     32 Bit         XORs := 1     
	   3 Input      1 Bit         XORs := 528   
	   2 Input      1 Bit         XORs := 1     
+---Registers : 
	               32 Bit    Registers := 2     
	                4 Bit    Registers := 1     
	                2 Bit    Registers := 10    
	                1 Bit    Registers := 5     
+---Muxes : 
	   5 Input   32 Bit        Muxes := 4     
	   5 Input    3 Bit        Muxes := 1     
	   2 Input    3 Bit        Muxes := 1     
	   2 Input    1 Bit        Muxes := 258   
	   4 Input    1 Bit        Muxes := 65    
	   5 Input    1 Bit        Muxes := 1     
---------------------------------------------------------------------------------
Finished RTL Component Statistics 
---------------------------------------------------------------------------------
---------------------------------------------------------------------------------
Start Part Resource Summary
---------------------------------------------------------------------------------
Part Resources:
DSPs: 90 (col length:60)
BRAMs: 100 (col length: RAMB18 60 RAMB36 30)
---------------------------------------------------------------------------------
Finished Part Resource Summary
---------------------------------------------------------------------------------
---------------------------------------------------------------------------------
Start Cross Boundary and Area Optimization
---------------------------------------------------------------------------------
WARNING: [Synth 8-7080] Parallel synthesis criteria is not met
WARNING: [Synth 8-3917] design alchitry_top has port io_segment[7] driven by constant 0
WARNING: [Synth 8-3917] design alchitry_top has port io_segment[6] driven by constant 0
WARNING: [Synth 8-3917] design alchitry_top has port io_segment[5] driven by constant 0
WARNING: [Synth 8-3917] design alchitry_top has port io_segment[4] driven by constant 0
WARNING: [Synth 8-3917] design alchitry_top has port io_segment[3] driven by constant 0
WARNING: [Synth 8-3917] design alchitry_top has port io_segment[2] driven by constant 0
WARNING: [Synth 8-3917] design alchitry_top has port io_segment[1] driven by constant 0
WARNING: [Synth 8-3917] design alchitry_top has port io_segment[0] driven by constant 0
WARNING: [Synth 8-3917] design alchitry_top has port io_select[3] driven by constant 1
WARNING: [Synth 8-3917] design alchitry_top has port io_select[2] driven by constant 1
WARNING: [Synth 8-3917] design alchitry_top has port io_select[1] driven by constant 1
WARNING: [Synth 8-3917] design alchitry_top has port io_select[0] driven by constant 1
WARNING: [Synth 8-7129] Port io_dip[2][7] in module alchitry_top is either unconnected or has no load
WARNING: [Synth 8-7129] Port io_dip[2][6] in module alchitry_top is either unconnected or has no load
---------------------------------------------------------------------------------
Finished Cross Boundary and Area Optimization : Time (s): cpu = 00:00:38 ; elapsed = 00:00:40 . Memory (MB): peak = 1301.227 ; gain = 818.988
---------------------------------------------------------------------------------
---------------------------------------------------------------------------------
Start Applying XDC Timing Constraints
---------------------------------------------------------------------------------
---------------------------------------------------------------------------------
Finished Applying XDC Timing Constraints : Time (s): cpu = 00:00:44 ; elapsed = 00:00:46 . Memory (MB): peak = 1301.227 ; gain = 818.988
---------------------------------------------------------------------------------
---------------------------------------------------------------------------------
Start Timing Optimization
---------------------------------------------------------------------------------
---------------------------------------------------------------------------------
Finished Timing Optimization : Time (s): cpu = 00:00:44 ; elapsed = 00:00:46 . Memory (MB): peak = 1301.227 ; gain = 818.988
---------------------------------------------------------------------------------
---------------------------------------------------------------------------------
Start Technology Mapping
---------------------------------------------------------------------------------
---------------------------------------------------------------------------------
Finished Technology Mapping : Time (s): cpu = 00:00:45 ; elapsed = 00:00:47 . Memory (MB): peak = 1374.938 ; gain = 892.699
---------------------------------------------------------------------------------
---------------------------------------------------------------------------------
Start IO Insertion
---------------------------------------------------------------------------------
---------------------------------------------------------------------------------
Start Flattening Before IO Insertion
---------------------------------------------------------------------------------
---------------------------------------------------------------------------------
Finished Flattening Before IO Insertion
---------------------------------------------------------------------------------
---------------------------------------------------------------------------------
Start Final Netlist Cleanup
---------------------------------------------------------------------------------
---------------------------------------------------------------------------------
Finished Final Netlist Cleanup
---------------------------------------------------------------------------------
---------------------------------------------------------------------------------
Finished IO Insertion : Time (s): cpu = 00:00:49 ; elapsed = 00:00:51 . Memory (MB): peak = 1482.645 ; gain = 1000.406
---------------------------------------------------------------------------------
---------------------------------------------------------------------------------
Start Renaming Generated Instances
---------------------------------------------------------------------------------
---------------------------------------------------------------------------------
Finished Renaming Generated Instances : Time (s): cpu = 00:00:49 ; elapsed = 00:00:51 . Memory (MB): peak = 1482.645 ; gain = 1000.406
---------------------------------------------------------------------------------
---------------------------------------------------------------------------------
Start Rebuilding User Hierarchy
---------------------------------------------------------------------------------
---------------------------------------------------------------------------------
Finished Rebuilding User Hierarchy : Time (s): cpu = 00:00:49 ; elapsed = 00:00:52 . Memory (MB): peak = 1482.645 ; gain = 1000.406
---------------------------------------------------------------------------------
---------------------------------------------------------------------------------
Start Renaming Generated Ports
---------------------------------------------------------------------------------
---------------------------------------------------------------------------------
Finished Renaming Generated Ports : Time (s): cpu = 00:00:49 ; elapsed = 00:00:52 . Memory (MB): peak = 1482.645 ; gain = 1000.406
---------------------------------------------------------------------------------
---------------------------------------------------------------------------------
Start Handling Custom Attributes
---------------------------------------------------------------------------------
---------------------------------------------------------------------------------
Finished Handling Custom Attributes : Time (s): cpu = 00:00:49 ; elapsed = 00:00:52 . Memory (MB): peak = 1482.645 ; gain = 1000.406
---------------------------------------------------------------------------------
---------------------------------------------------------------------------------
Start Renaming Generated Nets
---------------------------------------------------------------------------------
---------------------------------------------------------------------------------
Finished Renaming Generated Nets : Time (s): cpu = 00:00:49 ; elapsed = 00:00:52 . Memory (MB): peak = 1482.645 ; gain = 1000.406
---------------------------------------------------------------------------------
---------------------------------------------------------------------------------
Start Writing Synthesis Report
---------------------------------------------------------------------------------

Report BlackBoxes: 
+-+--------------+----------+
| |BlackBox name |Instances |
+-+--------------+----------+
+-+--------------+----------+

Report Cell Usage: 
+------+-----+------+
|      |Cell |Count |
+------+-----+------+
|1     |BUFG |     1|
|2     |LUT1 |     1|
|3     |LUT2 |   462|
|4     |LUT3 |    19|
|5     |LUT4 |   143|
|6     |LUT5 |    42|
|7     |LUT6 |   976|
|8     |FDRE |    82|
|9     |FDSE |     4|
|10    |IBUF |    28|
|11    |OBUF |    45|
+------+-----+------+
---------------------------------------------------------------------------------
Finished Writing Synthesis Report : Time (s): cpu = 00:00:49 ; elapsed = 00:00:52 . Memory (MB): peak = 1482.645 ; gain = 1000.406
---------------------------------------------------------------------------------
Synthesis finished with 0 errors, 0 critical warnings and 15 warnings.
Synthesis Optimization Runtime : Time (s): cpu = 00:00:39 ; elapsed = 00:00:49 . Memory (MB): peak = 1482.645 ; gain = 905.727
Synthesis Optimization Complete : Time (s): cpu = 00:00:50 ; elapsed = 00:00:52 . Memory (MB): peak = 1482.645 ; gain = 1000.406
INFO: [Project 1-571] Translating synthesized netlist
Netlist sorting complete. Time (s): cpu = 00:00:00 ; elapsed = 00:00:00.022 . Memory (MB): peak = 1491.887 ; gain = 0.000
INFO: [Project 1-570] Preparing netlist for logic optimization
INFO: [Opt 31-138] Pushed 0 inverter(s) to 0 load pin(s).
Netlist sorting complete. Time (s): cpu = 00:00:00 ; elapsed = 00:00:00 . Memory (MB): peak = 1495.957 ; gain = 0.000
INFO: [Project 1-111] Unisim Transformation Summary:
No Unisim elements were transformed.

Synth Design complete | Checksum: f9dcab8
INFO: [Common 17-83] Releasing license: Synthesis
64 Infos, 32 Warnings, 0 Critical Warnings and 0 Errors encountered.
synth_design completed successfully
synth_design: Time (s): cpu = 00:00:54 ; elapsed = 00:00:59 . Memory (MB): peak = 1495.957 ; gain = 1210.363
Write ShapeDB Complete: Time (s): cpu = 00:00:00 ; elapsed = 00:00:00.007 . Memory (MB): peak = 1495.957 ; gain = 0.000
INFO: [Common 17-1381] The checkpoint 'C:/Users/flgoa/Desktop/SUTD/Term4/50.002 CompStruct/G32-CompStruct/50002-lab3-alu/build/vivado/alu.runs/synth_1/alchitry_top.dcp' has been generated.
INFO: [Vivado 12-24828] Executing command : report_utilization -file alchitry_top_utilization_synth.rpt -pb alchitry_top_utilization_synth.pb
INFO: [Common 17-206] Exiting Vivado at Tue Mar 18 11:17:34 2025...
