Copyright 1986-2022 Xilinx, Inc. All Rights Reserved. Copyright 2022-2023 Advanced Micro Devices, Inc. All Rights Reserved.
---------------------------------------------------------------------------------------------------------------------------------------------
| Tool Version : Vivado v.2023.2 (win64) Build 4029153 Fri Oct 13 20:14:34 MDT 2023
| Date         : Mon Apr 14 19:57:30 2025
| Host         : DESKTOP-9K3T8HM running 64-bit major release  (build 9200)
| Command      : report_control_sets -verbose -file alchitry_top_control_sets_placed.rpt
| Design       : alchitry_top
| Device       : xc7a35t
---------------------------------------------------------------------------------------------------------------------------------------------

Control Set Information

Table of Contents
-----------------
1. Summary
2. Histogram
3. Flip-Flop Distribution
4. Detailed Control Set Information

1. Summary
----------

+----------------------------------------------------------+-------+
|                          Status                          | Count |
+----------------------------------------------------------+-------+
| Total control sets                                       |    43 |
|    Minimum number of control sets                        |    43 |
|    Addition due to synthesis replication                 |     0 |
|    Addition due to physical synthesis replication        |     0 |
| Unused register locations in slices containing registers |    52 |
+----------------------------------------------------------+-------+
* Control sets can be merged at opt_design using control_set_merge or merge_equivalent_drivers
** Run report_qor_suggestions for automated merging and remapping suggestions


2. Histogram
------------

+--------------------+-------+
|       Fanout       | Count |
+--------------------+-------+
| Total control sets |    43 |
| >= 0 to < 4        |     0 |
| >= 4 to < 6        |     9 |
| >= 6 to < 8        |     1 |
| >= 8 to < 10       |     6 |
| >= 10 to < 12      |     0 |
| >= 12 to < 14      |     2 |
| >= 14 to < 16      |     6 |
| >= 16              |    19 |
+--------------------+-------+
* Control sets can be remapped at either synth_design or opt_design


3. Flip-Flop Distribution
-------------------------

+--------------+-----------------------+------------------------+-----------------+--------------+
| Clock Enable | Synchronous Set/Reset | Asynchronous Set/Reset | Total Registers | Total Slices |
+--------------+-----------------------+------------------------+-----------------+--------------+
| No           | No                    | No                     |              26 |           11 |
| No           | No                    | Yes                    |               4 |            2 |
| No           | Yes                   | No                     |              89 |           33 |
| Yes          | No                    | No                     |               0 |            0 |
| Yes          | No                    | Yes                    |               0 |            0 |
| Yes          | Yes                   | No                     |             725 |          329 |
+--------------+-----------------------+------------------------+-----------------+--------------+


4. Detailed Control Set Information
-----------------------------------

+----------------+-------------------------------------------------------------------+---------------------------------------------+------------------+----------------+--------------+
|  Clock Signal  |                           Enable Signal                           |               Set/Reset Signal              | Slice Load Count | Bel Load Count | Bels / Slice |
+----------------+-------------------------------------------------------------------+---------------------------------------------+------------------+----------------+--------------+
|  clk_IBUF_BUFG | game_data_path/ram_mode/ram/ram/mem_reg_192_255_0_2_i_1_n_0       |                                             |                1 |              4 |         4.00 |
|  clk_IBUF_BUFG |                                                                   | reset_cond/M_reset_cond_in                  |                2 |              4 |         2.00 |
|  clk_IBUF_BUFG | game_data_path/ram_mode/ram/ram/mem_reg_64_127_0_2_i_1_n_0        |                                             |                1 |              4 |         4.00 |
|  clk_IBUF_BUFG | game_data_path/game_cu/E[0]                                       | reset_cond/Q[0]                             |                2 |              4 |         2.00 |
|  clk_IBUF_BUFG | game_data_path/ram_mode/ram/ram/mem_reg_128_191_0_2_i_1_n_0       |                                             |                1 |              4 |         4.00 |
|  clk_IBUF_BUFG | game_data_path/ram_mode/ram/ram/mem_reg_0_63_0_2_i_4_n_0          |                                             |                1 |              4 |         4.00 |
|  clk_IBUF_BUFG | game_data_path/ram_mode/driver/D_bit_ctr_d                        | reset_cond/Q[0]                             |                1 |              5 |         5.00 |
|  clk_IBUF_BUFG | game_data_path/ram_mode/ram/D_fsm_q[4]_i_1_n_0                    | reset_cond/Q[0]                             |                3 |              5 |         1.67 |
|  clk_IBUF_BUFG | game_data_path/ram_mode/ram/CEP                                   | reset_cond/Q[0]                             |                1 |              5 |         5.00 |
|  clk_IBUF_BUFG | game_data_path/ram_mode/driver/D_ctr_d                            | reset_cond/Q[0]                             |                3 |              7 |         2.33 |
|  clk_IBUF_BUFG | game_data_path/ram_mode/ram/D_bullet_last_addr_q[7]_i_1_n_0       | reset_cond/Q[0]                             |                2 |              8 |         4.00 |
|  clk_IBUF_BUFG | game_data_path/ram_mode/ram/D_bullet_writer_pointer_q[7]_i_1_n_0  | reset_cond/Q[0]                             |                4 |              8 |         2.00 |
|  clk_IBUF_BUFG | game_data_path/ram_mode/ram/D_writer_pointer_q[7]_i_1_n_0         | reset_cond/Q[0]                             |                3 |              8 |         2.67 |
|  clk_IBUF_BUFG | game_data_path/ram_mode/driver/D_pixel_address_ctr_d              | reset_cond/Q[0]                             |                2 |              8 |         4.00 |
|  clk_IBUF_BUFG | game_data_path/game_cu/D_stage_q_reg[3]_23[0]                     | reset_cond/Q[0]                             |                3 |              8 |         2.67 |
|  clk_IBUF_BUFG | game_data_path/game_cu/D_stage_q_reg[3]_25[0]                     | reset_cond/Q[0]                             |                3 |              8 |         2.67 |
|  clk_IBUF_BUFG | game_data_path/game_cu/D_stage_q_reg[3]_26[0]                     | reset_cond/Q[0]                             |                8 |             12 |         1.50 |
|  clk_IBUF_BUFG | game_data_path/ram_mode/driver/D_rst_ctr_d                        | reset_cond/Q[0]                             |                4 |             13 |         3.25 |
|  clk_IBUF_BUFG | btn_cond_left/sel                                                 | btn_cond_left/sync/clear                    |                4 |             14 |         3.50 |
|  clk_IBUF_BUFG | btn_cond_blue_shoot/D_ctr_q[0]_i_2__6_n_0                         | btn_cond_blue_shoot/sync/D_pipe_q_reg[1]_0  |                4 |             14 |         3.50 |
|  clk_IBUF_BUFG | btn_cond_green_shoot/D_ctr_q[0]_i_2__5_n_0                        | btn_cond_green_shoot/sync/D_pipe_q_reg[1]_0 |                4 |             14 |         3.50 |
|  clk_IBUF_BUFG | btn_cond_red_shoot/D_ctr_q[0]_i_2__4_n_0                          | btn_cond_red_shoot/sync/D_pipe_q_reg[1]_0   |                4 |             14 |         3.50 |
|  clk_IBUF_BUFG | btn_cond_right/D_ctr_q[0]_i_2__3_n_0                              | btn_cond_right/sync/D_pipe_q_reg[1]_0       |                4 |             14 |         3.50 |
|  clk_IBUF_BUFG | btn_cond_start_btn/D_ctr_q[0]_i_2__7_n_0                          | btn_cond_start_btn/sync/D_pipe_q_reg[1]_0   |                4 |             14 |         3.50 |
|  clk_IBUF_BUFG | game_data_path/ram_mode/ram/D_enemy_A_writer_pointer_q[7]_i_1_n_0 | reset_cond/Q[0]                             |                7 |             24 |         3.43 |
|  clk_IBUF_BUFG |                                                                   |                                             |               11 |             26 |         2.36 |
|  clk_IBUF_BUFG | game_data_path/game_cu/D_game_fsm_q_reg[5]_1[0]                   | reset_cond/Q[0]                             |               12 |             32 |         2.67 |
|  clk_IBUF_BUFG | game_data_path/game_cu/D_stage_q_reg[3]_18[0]                     | reset_cond/Q[0]                             |               13 |             32 |         2.46 |
|  clk_IBUF_BUFG | game_data_path/game_cu/D_stage_q_reg[3]_33[0]                     | reset_cond/Q[0]                             |               16 |             32 |         2.00 |
|  clk_IBUF_BUFG | game_data_path/game_cu/D_stage_q_reg[3]_22[0]                     | reset_cond/Q[0]                             |               15 |             32 |         2.13 |
|  clk_IBUF_BUFG | game_data_path/game_cu/D_stage_q_reg[3]_32[0]                     | reset_cond/Q[0]                             |               18 |             32 |         1.78 |
|  clk_IBUF_BUFG | game_data_path/game_cu/D_bullet_encode_d                          | reset_cond/Q[0]                             |               15 |             32 |         2.13 |
|  clk_IBUF_BUFG | game_data_path/game_cu/D_stage_q_reg[3]_35[0]                     | reset_cond/Q[0]                             |               12 |             32 |         2.67 |
|  clk_IBUF_BUFG | game_data_path/game_cu/D_stage_q_reg[3]_29[0]                     | reset_cond/Q[0]                             |               13 |             32 |         2.46 |
|  clk_IBUF_BUFG | game_data_path/game_cu/D_stage_q_reg[3]_34[0]                     | reset_cond/Q[0]                             |               17 |             32 |         1.88 |
|  clk_IBUF_BUFG | game_data_path/game_cu/D_stage_q_reg[3]_30[0]                     | reset_cond/Q[0]                             |               16 |             32 |         2.00 |
|  clk_IBUF_BUFG | game_data_path/game_cu/D_stage_q_reg[3]_20[0]                     | reset_cond/Q[0]                             |               16 |             32 |         2.00 |
|  clk_IBUF_BUFG | game_data_path/game_cu/D_stage_q_reg[3]_28[0]                     | reset_cond/Q[0]                             |               15 |             32 |         2.13 |
|  clk_IBUF_BUFG | game_data_path/game_cu/D_stage_q_reg[3]_31[0]                     | reset_cond/Q[0]                             |               18 |             32 |         1.78 |
|  clk_IBUF_BUFG | game_data_path/game_cu/D_stage_q_reg[3]_19[0]                     | reset_cond/Q[0]                             |               25 |             32 |         1.28 |
|  clk_IBUF_BUFG | game_data_path/game_cu/D_stage_q_reg[3]_27[0]                     | reset_cond/Q[0]                             |               21 |             32 |         1.52 |
|  clk_IBUF_BUFG | game_data_path/game_cu/D_stage_q_reg[3]_24[0]                     | reset_cond/Q[0]                             |               17 |             38 |         2.24 |
|  clk_IBUF_BUFG |                                                                   | reset_cond/Q[0]                             |               33 |             89 |         2.70 |
+----------------+-------------------------------------------------------------------+---------------------------------------------+------------------+----------------+--------------+


