
*** Running vivado
    with args -log alchitry_top.vdi -applog -m64 -product Vivado -messageDb vivado.pb -mode batch -source alchitry_top.tcl -notrace


ECHO is off.
ECHO is off.

****** Vivado v2023.2 (64-bit)
  **** SW Build 4029153 on Fri Oct 13 20:14:34 MDT 2023
  **** IP Build 4028589 on Sat Oct 14 00:45:43 MDT 2023
  **** SharedData Build 4025554 on Tue Oct 10 17:18:54 MDT 2023
    ** Copyright 1986-2022 Xilinx, Inc. All Rights Reserved.
    ** Copyright 2022-2023 Advanced Micro Devices, Inc. All Rights Reserved.

source alchitry_top.tcl -notrace
create_project: Time (s): cpu = 00:00:08 ; elapsed = 00:00:08 . Memory (MB): peak = 462.551 ; gain = 183.973
Command: link_design -top alchitry_top -part xc7a35tftg256-1
Design is defaulting to srcset: sources_1
Design is defaulting to constrset: constrs_1
INFO: [Device 21-403] Loading part xc7a35tftg256-1
Netlist sorting complete. Time (s): cpu = 00:00:00 ; elapsed = 00:00:00.013 . Memory (MB): peak = 858.832 ; gain = 0.000
INFO: [Netlist 29-17] Analyzing 54 Unisim elements for replacement
INFO: [Netlist 29-28] Unisim Transformation completed in 0 CPU seconds
INFO: [Project 1-479] Netlist was created with Vivado 2023.2
INFO: [Project 1-570] Preparing netlist for logic optimization
Parsing XDC File [C:/Users/natasha/Desktop/1d-project-ci03-group-2-team-32-working-architecture/build/constraint/alchitry.xdc]
INFO: [Timing 38-35] Done setting XDC timing constraints. [C:/Users/natasha/Desktop/1d-project-ci03-group-2-team-32-working-architecture/build/constraint/alchitry.xdc:5]
get_clocks: Time (s): cpu = 00:00:06 ; elapsed = 00:00:07 . Memory (MB): peak = 1557.113 ; gain = 577.004
Finished Parsing XDC File [C:/Users/natasha/Desktop/1d-project-ci03-group-2-team-32-working-architecture/build/constraint/alchitry.xdc]
Parsing XDC File [C:/Users/natasha/Desktop/1d-project-ci03-group-2-team-32-working-architecture/build/constraint/au_props.xdc]
Finished Parsing XDC File [C:/Users/natasha/Desktop/1d-project-ci03-group-2-team-32-working-architecture/build/constraint/au_props.xdc]
INFO: [Opt 31-138] Pushed 0 inverter(s) to 0 load pin(s).
Netlist sorting complete. Time (s): cpu = 00:00:00 ; elapsed = 00:00:00.001 . Memory (MB): peak = 1557.113 ; gain = 0.000
INFO: [Project 1-111] Unisim Transformation Summary:
  A total of 4 instances were transformed.
  RAM128X1D => RAM128X1D (MUXF7(x2), RAMD64E(x4)): 4 instances

The system cannot find the path specified.
8 Infos, 0 Warnings, 0 Critical Warnings and 0 Errors encountered.
link_design completed successfully
link_design: Time (s): cpu = 00:00:11 ; elapsed = 00:00:13 . Memory (MB): peak = 1557.113 ; gain = 1094.562
Command: opt_design
Attempting to get a license for feature 'Implementation' and/or device 'xc7a35t'
INFO: [Common 17-349] Got license for feature 'Implementation' and/or device 'xc7a35t'
Running DRC as a precondition to command opt_design

Starting DRC Task
INFO: [DRC 23-27] Running DRC with 2 threads
INFO: [Project 1-461] DRC finished with 0 Errors
INFO: [Project 1-462] Please refer to the DRC report (report_drc) for more information.

Time (s): cpu = 00:00:02 ; elapsed = 00:00:01 . Memory (MB): peak = 1557.113 ; gain = 0.000

Starting Cache Timing Information Task
INFO: [Timing 38-35] Done setting XDC timing constraints.
Ending Cache Timing Information Task | Checksum: 15ad9dfcd

Time (s): cpu = 00:00:00 ; elapsed = 00:00:00.035 . Memory (MB): peak = 1576.016 ; gain = 18.902

Starting Logic Optimization Task

Phase 1 Initialization

Phase 1.1 Core Generation And Design Setup
Phase 1.1 Core Generation And Design Setup | Checksum: 15ad9dfcd

Time (s): cpu = 00:00:00 ; elapsed = 00:00:00.001 . Memory (MB): peak = 1929.188 ; gain = 0.000

Phase 1.2 Setup Constraints And Sort Netlist
Phase 1.2 Setup Constraints And Sort Netlist | Checksum: 15ad9dfcd

Time (s): cpu = 00:00:00 ; elapsed = 00:00:00.003 . Memory (MB): peak = 1929.188 ; gain = 0.000
Phase 1 Initialization | Checksum: 15ad9dfcd

Time (s): cpu = 00:00:00 ; elapsed = 00:00:00.003 . Memory (MB): peak = 1929.188 ; gain = 0.000

Phase 2 Timer Update And Timing Data Collection

Phase 2.1 Timer Update
Phase 2.1 Timer Update | Checksum: 15ad9dfcd

Time (s): cpu = 00:00:00 ; elapsed = 00:00:00.030 . Memory (MB): peak = 1929.188 ; gain = 0.000

Phase 2.2 Timing Data Collection
Phase 2.2 Timing Data Collection | Checksum: 15ad9dfcd

Time (s): cpu = 00:00:00 ; elapsed = 00:00:00.046 . Memory (MB): peak = 1929.188 ; gain = 0.000
Phase 2 Timer Update And Timing Data Collection | Checksum: 15ad9dfcd

Time (s): cpu = 00:00:00 ; elapsed = 00:00:00.046 . Memory (MB): peak = 1929.188 ; gain = 0.000

Phase 3 Retarget
INFO: [Opt 31-138] Pushed 0 inverter(s) to 0 load pin(s).
INFO: [Opt 31-49] Retargeted 0 cell(s).
Phase 3 Retarget | Checksum: 15ad9dfcd

Time (s): cpu = 00:00:00 ; elapsed = 00:00:00.057 . Memory (MB): peak = 1929.188 ; gain = 0.000
Retarget | Checksum: 15ad9dfcd
INFO: [Opt 31-389] Phase Retarget created 0 cells and removed 0 cells

Phase 4 Constant propagation
INFO: [Opt 31-138] Pushed 0 inverter(s) to 0 load pin(s).
Phase 4 Constant propagation | Checksum: 15ad9dfcd

Time (s): cpu = 00:00:00 ; elapsed = 00:00:00.064 . Memory (MB): peak = 1929.188 ; gain = 0.000
Constant propagation | Checksum: 15ad9dfcd
INFO: [Opt 31-389] Phase Constant propagation created 0 cells and removed 0 cells

Phase 5 Sweep
Phase 5 Sweep | Checksum: 13f5dcf37

Time (s): cpu = 00:00:00 ; elapsed = 00:00:00.071 . Memory (MB): peak = 1929.188 ; gain = 0.000
Sweep | Checksum: 13f5dcf37
INFO: [Opt 31-389] Phase Sweep created 0 cells and removed 0 cells

Phase 6 BUFG optimization
Phase 6 BUFG optimization | Checksum: 13f5dcf37

Time (s): cpu = 00:00:00 ; elapsed = 00:00:00.111 . Memory (MB): peak = 1929.188 ; gain = 0.000
BUFG optimization | Checksum: 13f5dcf37
INFO: [Opt 31-662] Phase BUFG optimization created 0 cells of which 0 are BUFGs and removed 0 cells.

Phase 7 Shift Register Optimization
INFO: [Opt 31-1064] SRL Remap converted 0 SRLs to 0 registers and converted 0 registers of register chains to 0 SRLs
Phase 7 Shift Register Optimization | Checksum: 13f5dcf37

Time (s): cpu = 00:00:00 ; elapsed = 00:00:00.114 . Memory (MB): peak = 1929.188 ; gain = 0.000
Shift Register Optimization | Checksum: 13f5dcf37
INFO: [Opt 31-389] Phase Shift Register Optimization created 0 cells and removed 0 cells

Phase 8 Post Processing Netlist
Phase 8 Post Processing Netlist | Checksum: 13f5dcf37

Time (s): cpu = 00:00:00 ; elapsed = 00:00:00.118 . Memory (MB): peak = 1929.188 ; gain = 0.000
Post Processing Netlist | Checksum: 13f5dcf37
INFO: [Opt 31-389] Phase Post Processing Netlist created 0 cells and removed 0 cells

Phase 9 Finalization

Phase 9.1 Finalizing Design Cores and Updating Shapes
Phase 9.1 Finalizing Design Cores and Updating Shapes | Checksum: 22c85f6f3

Time (s): cpu = 00:00:00 ; elapsed = 00:00:00.142 . Memory (MB): peak = 1929.188 ; gain = 0.000

Phase 9.2 Verifying Netlist Connectivity

Starting Connectivity Check Task

Time (s): cpu = 00:00:00 ; elapsed = 00:00:00.002 . Memory (MB): peak = 1929.188 ; gain = 0.000
Phase 9.2 Verifying Netlist Connectivity | Checksum: 22c85f6f3

Time (s): cpu = 00:00:00 ; elapsed = 00:00:00.145 . Memory (MB): peak = 1929.188 ; gain = 0.000
Phase 9 Finalization | Checksum: 22c85f6f3

Time (s): cpu = 00:00:00 ; elapsed = 00:00:00.145 . Memory (MB): peak = 1929.188 ; gain = 0.000
Opt_design Change Summary
=========================


-------------------------------------------------------------------------------------------------------------------------
|  Phase                        |  #Cells created  |  #Cells Removed  |  #Constrained objects preventing optimizations  |
-------------------------------------------------------------------------------------------------------------------------
|  Retarget                     |               0  |               0  |                                              0  |
|  Constant propagation         |               0  |               0  |                                              0  |
|  Sweep                        |               0  |               0  |                                              0  |
|  BUFG optimization            |               0  |               0  |                                              0  |
|  Shift Register Optimization  |               0  |               0  |                                              0  |
|  Post Processing Netlist      |               0  |               0  |                                              0  |
-------------------------------------------------------------------------------------------------------------------------


Ending Logic Optimization Task | Checksum: 22c85f6f3

Time (s): cpu = 00:00:00 ; elapsed = 00:00:00.146 . Memory (MB): peak = 1929.188 ; gain = 0.000
INFO: [Constraints 18-11670] Building netlist checker database with flags, 0x8
Done building netlist checker database: Time (s): cpu = 00:00:00 ; elapsed = 00:00:00 . Memory (MB): peak = 1929.188 ; gain = 0.000

Starting Power Optimization Task
INFO: [Pwropt 34-132] Skipping clock gating for clocks with a period < 2.00 ns.
Ending Power Optimization Task | Checksum: 22c85f6f3

Time (s): cpu = 00:00:00 ; elapsed = 00:00:00.026 . Memory (MB): peak = 1929.188 ; gain = 0.000

Starting Final Cleanup Task
Ending Final Cleanup Task | Checksum: 22c85f6f3

Time (s): cpu = 00:00:00 ; elapsed = 00:00:00.001 . Memory (MB): peak = 1929.188 ; gain = 0.000

Starting Netlist Obfuscation Task
Netlist sorting complete. Time (s): cpu = 00:00:00 ; elapsed = 00:00:00 . Memory (MB): peak = 1929.188 ; gain = 0.000
Ending Netlist Obfuscation Task | Checksum: 22c85f6f3

Time (s): cpu = 00:00:00 ; elapsed = 00:00:00.001 . Memory (MB): peak = 1929.188 ; gain = 0.000
INFO: [Common 17-83] Releasing license: Implementation
26 Infos, 0 Warnings, 0 Critical Warnings and 0 Errors encountered.
opt_design completed successfully
INFO: [runtcl-4] Executing : report_drc -file alchitry_top_drc_opted.rpt -pb alchitry_top_drc_opted.pb -rpx alchitry_top_drc_opted.rpx
Command: report_drc -file alchitry_top_drc_opted.rpt -pb alchitry_top_drc_opted.pb -rpx alchitry_top_drc_opted.rpx
INFO: [IP_Flow 19-234] Refreshing IP repositories
INFO: [IP_Flow 19-1704] No user IP repositories specified
INFO: [IP_Flow 19-2313] Loaded Vivado IP repository 'C:/Users/natasha/.Xilinx/Vivado/2023.2/data/ip'.
INFO: [DRC 23-27] Running DRC with 2 threads
INFO: [Vivado_Tcl 2-168] The results of DRC are in file C:/Users/natasha/Desktop/1d-project-ci03-group-2-team-32-working-architecture/build/vivado/Working_bullet.runs/impl_1/alchitry_top_drc_opted.rpt.
report_drc completed successfully
INFO: [Timing 38-480] Writing timing data to binary archive.
Write ShapeDB Complete: Time (s): cpu = 00:00:00 ; elapsed = 00:00:00.004 . Memory (MB): peak = 1929.188 ; gain = 0.000
Wrote PlaceDB: Time (s): cpu = 00:00:00 ; elapsed = 00:00:00.007 . Memory (MB): peak = 1929.188 ; gain = 0.000
Wrote PulsedLatchDB: Time (s): cpu = 00:00:00 ; elapsed = 00:00:00 . Memory (MB): peak = 1929.188 ; gain = 0.000
Writing XDEF routing.
Writing XDEF routing logical nets.
Writing XDEF routing special nets.
Wrote RouteStorage: Time (s): cpu = 00:00:00 ; elapsed = 00:00:00.026 . Memory (MB): peak = 1929.188 ; gain = 0.000
Wrote Netlist Cache: Time (s): cpu = 00:00:00 ; elapsed = 00:00:00 . Memory (MB): peak = 1929.188 ; gain = 0.000
Wrote Device Cache: Time (s): cpu = 00:00:00 ; elapsed = 00:00:00.007 . Memory (MB): peak = 1929.188 ; gain = 0.000
Write Physdb Complete: Time (s): cpu = 00:00:00 ; elapsed = 00:00:00.051 . Memory (MB): peak = 1929.188 ; gain = 0.000
INFO: [Common 17-1381] The checkpoint 'C:/Users/natasha/Desktop/1d-project-ci03-group-2-team-32-working-architecture/build/vivado/Working_bullet.runs/impl_1/alchitry_top_opt.dcp' has been generated.
Command: place_design
Attempting to get a license for feature 'Implementation' and/or device 'xc7a35t'
INFO: [Common 17-349] Got license for feature 'Implementation' and/or device 'xc7a35t'
INFO: [Common 17-83] Releasing license: Implementation
INFO: [DRC 23-27] Running DRC with 2 threads
INFO: [Vivado_Tcl 4-198] DRC finished with 0 Errors
INFO: [Vivado_Tcl 4-199] Please refer to the DRC report (report_drc) for more information.
Running DRC as a precondition to command place_design
INFO: [DRC 23-27] Running DRC with 2 threads
INFO: [Vivado_Tcl 4-198] DRC finished with 0 Errors
INFO: [Vivado_Tcl 4-199] Please refer to the DRC report (report_drc) for more information.
INFO: [Place 30-611] Multithreading enabled for place_design using a maximum of 2 CPUs

Starting Placer Task

Phase 1 Placer Initialization

Phase 1.1 Placer Initialization Netlist Sorting
Netlist sorting complete. Time (s): cpu = 00:00:00 ; elapsed = 00:00:00 . Memory (MB): peak = 1929.188 ; gain = 0.000
Phase 1.1 Placer Initialization Netlist Sorting | Checksum: 1df3d53b1

Time (s): cpu = 00:00:00 ; elapsed = 00:00:00.002 . Memory (MB): peak = 1929.188 ; gain = 0.000
Netlist sorting complete. Time (s): cpu = 00:00:00 ; elapsed = 00:00:00.001 . Memory (MB): peak = 1929.188 ; gain = 0.000

Phase 1.2 IO Placement/ Clock Placement/ Build Placer Device
INFO: [Timing 38-35] Done setting XDC timing constraints.
Phase 1.2 IO Placement/ Clock Placement/ Build Placer Device | Checksum: 79183eb8

Time (s): cpu = 00:00:00 ; elapsed = 00:00:00.174 . Memory (MB): peak = 1929.188 ; gain = 0.000

Phase 1.3 Build Placer Netlist Model
Phase 1.3 Build Placer Netlist Model | Checksum: 152d7cf27

Time (s): cpu = 00:00:01 ; elapsed = 00:00:00.358 . Memory (MB): peak = 1929.188 ; gain = 0.000

Phase 1.4 Constrain Clocks/Macros
Phase 1.4 Constrain Clocks/Macros | Checksum: 152d7cf27

Time (s): cpu = 00:00:01 ; elapsed = 00:00:00.361 . Memory (MB): peak = 1929.188 ; gain = 0.000
Phase 1 Placer Initialization | Checksum: 152d7cf27

Time (s): cpu = 00:00:01 ; elapsed = 00:00:00.364 . Memory (MB): peak = 1929.188 ; gain = 0.000

Phase 2 Global Placement

Phase 2.1 Floorplanning
Phase 2.1 Floorplanning | Checksum: 157a34a2a

Time (s): cpu = 00:00:01 ; elapsed = 00:00:00.449 . Memory (MB): peak = 1929.188 ; gain = 0.000

Phase 2.2 Update Timing before SLR Path Opt
Phase 2.2 Update Timing before SLR Path Opt | Checksum: 176ffe470

Time (s): cpu = 00:00:01 ; elapsed = 00:00:00.530 . Memory (MB): peak = 1929.188 ; gain = 0.000

Phase 2.3 Post-Processing in Floorplanning
Phase 2.3 Post-Processing in Floorplanning | Checksum: 176ffe470

Time (s): cpu = 00:00:01 ; elapsed = 00:00:00.534 . Memory (MB): peak = 1929.188 ; gain = 0.000

Phase 2.4 Global Placement Core

Phase 2.4.1 UpdateTiming Before Physical Synthesis
Phase 2.4.1 UpdateTiming Before Physical Synthesis | Checksum: 86d5ceaf

Time (s): cpu = 00:00:02 ; elapsed = 00:00:02 . Memory (MB): peak = 1929.188 ; gain = 0.000

Phase 2.4.2 Physical Synthesis In Placer
INFO: [Physopt 32-1035] Found 0 LUTNM shape to break, 19 LUT instances to create LUTNM shape
INFO: [Physopt 32-1044] Break lutnm for timing: one critical 0, two critical 0, total 0, new lutff created 0
INFO: [Physopt 32-1138] End 1 Pass. Optimized 6 nets or LUTs. Breaked 0 LUT, combined 6 existing LUTs and moved 0 existing LUT
INFO: [Physopt 32-65] No nets found for high-fanout optimization.
INFO: [Physopt 32-232] Optimized 0 net. Created 0 new instance.
INFO: [Physopt 32-775] End 1 Pass. Optimized 0 net or cell. Created 0 new cell, deleted 0 existing cell and moved 0 existing cell
INFO: [Physopt 32-670] No setup violation found.  DSP Register Optimization was not performed.
INFO: [Physopt 32-670] No setup violation found.  Shift Register to Pipeline Optimization was not performed.
INFO: [Physopt 32-670] No setup violation found.  Shift Register Optimization was not performed.
INFO: [Physopt 32-670] No setup violation found.  BRAM Register Optimization was not performed.
INFO: [Physopt 32-670] No setup violation found.  URAM Register Optimization was not performed.
INFO: [Physopt 32-949] No candidate nets found for dynamic/static region interface net replication
INFO: [Physopt 32-775] End 1 Pass. Optimized 0 net or cell. Created 0 new cell, deleted 0 existing cell and moved 0 existing cell
Netlist sorting complete. Time (s): cpu = 00:00:00 ; elapsed = 00:00:00 . Memory (MB): peak = 1929.188 ; gain = 0.000

Summary of Physical Synthesis Optimizations
============================================


-----------------------------------------------------------------------------------------------------------------------------------------------------------
|  Optimization                                     |  Added Cells  |  Removed Cells  |  Optimized Cells/Nets  |  Dont Touch  |  Iterations  |  Elapsed   |
-----------------------------------------------------------------------------------------------------------------------------------------------------------
|  LUT Combining                                    |            0  |              6  |                     6  |           0  |           1  |  00:00:00  |
|  Retime                                           |            0  |              0  |                     0  |           0  |           1  |  00:00:00  |
|  Very High Fanout                                 |            0  |              0  |                     0  |           0  |           1  |  00:00:00  |
|  DSP Register                                     |            0  |              0  |                     0  |           0  |           0  |  00:00:00  |
|  Shift Register to Pipeline                       |            0  |              0  |                     0  |           0  |           0  |  00:00:00  |
|  Shift Register                                   |            0  |              0  |                     0  |           0  |           0  |  00:00:00  |
|  BRAM Register                                    |            0  |              0  |                     0  |           0  |           0  |  00:00:00  |
|  URAM Register                                    |            0  |              0  |                     0  |           0  |           0  |  00:00:00  |
|  Dynamic/Static Region Interface Net Replication  |            0  |              0  |                     0  |           0  |           1  |  00:00:00  |
|  Total                                            |            0  |              6  |                     6  |           0  |           4  |  00:00:00  |
-----------------------------------------------------------------------------------------------------------------------------------------------------------


Phase 2.4.2 Physical Synthesis In Placer | Checksum: 8fa6c08b

Time (s): cpu = 00:00:02 ; elapsed = 00:00:02 . Memory (MB): peak = 1929.188 ; gain = 0.000
Phase 2.4 Global Placement Core | Checksum: 54f8341c

Time (s): cpu = 00:00:03 ; elapsed = 00:00:02 . Memory (MB): peak = 1929.188 ; gain = 0.000
Phase 2 Global Placement | Checksum: 54f8341c

Time (s): cpu = 00:00:03 ; elapsed = 00:00:02 . Memory (MB): peak = 1929.188 ; gain = 0.000

Phase 3 Detail Placement

Phase 3.1 Commit Multi Column Macros
Phase 3.1 Commit Multi Column Macros | Checksum: dae56082

Time (s): cpu = 00:00:03 ; elapsed = 00:00:02 . Memory (MB): peak = 1929.188 ; gain = 0.000

Phase 3.2 Commit Most Macros & LUTRAMs
Phase 3.2 Commit Most Macros & LUTRAMs | Checksum: 15e1b2ab1

Time (s): cpu = 00:00:03 ; elapsed = 00:00:02 . Memory (MB): peak = 1929.188 ; gain = 0.000

Phase 3.3 Area Swap Optimization
Phase 3.3 Area Swap Optimization | Checksum: 10b42e107

Time (s): cpu = 00:00:03 ; elapsed = 00:00:02 . Memory (MB): peak = 1929.188 ; gain = 0.000

Phase 3.4 Pipeline Register Optimization
Phase 3.4 Pipeline Register Optimization | Checksum: 17cd79e6c

Time (s): cpu = 00:00:03 ; elapsed = 00:00:02 . Memory (MB): peak = 1929.188 ; gain = 0.000

Phase 3.5 Small Shape Detail Placement
Phase 3.5 Small Shape Detail Placement | Checksum: fdc639d2

Time (s): cpu = 00:00:03 ; elapsed = 00:00:02 . Memory (MB): peak = 1929.188 ; gain = 0.000

Phase 3.6 Re-assign LUT pins
Phase 3.6 Re-assign LUT pins | Checksum: d66fa4a4

Time (s): cpu = 00:00:03 ; elapsed = 00:00:02 . Memory (MB): peak = 1929.188 ; gain = 0.000

Phase 3.7 Pipeline Register Optimization
Phase 3.7 Pipeline Register Optimization | Checksum: 134a60091

Time (s): cpu = 00:00:03 ; elapsed = 00:00:02 . Memory (MB): peak = 1929.188 ; gain = 0.000
Phase 3 Detail Placement | Checksum: 134a60091

Time (s): cpu = 00:00:03 ; elapsed = 00:00:02 . Memory (MB): peak = 1929.188 ; gain = 0.000

Phase 4 Post Placement Optimization and Clean-Up

Phase 4.1 Post Commit Optimization
INFO: [Timing 38-35] Done setting XDC timing constraints.

Phase 4.1.1 Post Placement Optimization
Post Placement Optimization Initialization | Checksum: 1c510e065

Phase 4.1.1.1 BUFG Insertion

Starting Physical Synthesis Task

Phase 1 Physical Synthesis Initialization
INFO: [Physopt 32-721] Multithreading enabled for phys_opt_design using a maximum of 2 CPUs
INFO: [Physopt 32-619] Estimated Timing Summary | WNS=60.852 | TNS=0.000 |
Phase 1 Physical Synthesis Initialization | Checksum: 1315b876a

Time (s): cpu = 00:00:01 ; elapsed = 00:00:00.038 . Memory (MB): peak = 1929.188 ; gain = 0.000
INFO: [Place 46-56] BUFG insertion identified 0 candidate nets. Inserted BUFG: 0, Replicated BUFG Driver: 0, Skipped due to Placement/Routing Conflicts: 0, Skipped due to Timing Degradation: 0, Skipped due to netlist editing failed: 0.
Ending Physical Synthesis Task | Checksum: 1315b876a

Time (s): cpu = 00:00:01 ; elapsed = 00:00:00.045 . Memory (MB): peak = 1929.188 ; gain = 0.000
Phase 4.1.1.1 BUFG Insertion | Checksum: 1c510e065

Time (s): cpu = 00:00:04 ; elapsed = 00:00:02 . Memory (MB): peak = 1929.188 ; gain = 0.000

Phase 4.1.1.2 Post Placement Timing Optimization
INFO: [Place 30-746] Post Placement Timing Summary WNS=60.852. For the most accurate timing information please run report_timing.
Phase 4.1.1.2 Post Placement Timing Optimization | Checksum: 1a65fa016

Time (s): cpu = 00:00:04 ; elapsed = 00:00:02 . Memory (MB): peak = 1929.188 ; gain = 0.000

Time (s): cpu = 00:00:04 ; elapsed = 00:00:02 . Memory (MB): peak = 1929.188 ; gain = 0.000
Phase 4.1 Post Commit Optimization | Checksum: 1a65fa016

Time (s): cpu = 00:00:04 ; elapsed = 00:00:02 . Memory (MB): peak = 1929.188 ; gain = 0.000

Phase 4.2 Post Placement Cleanup
Phase 4.2 Post Placement Cleanup | Checksum: 1a65fa016

Time (s): cpu = 00:00:04 ; elapsed = 00:00:02 . Memory (MB): peak = 1929.188 ; gain = 0.000

Phase 4.3 Placer Reporting

Phase 4.3.1 Print Estimated Congestion
INFO: [Place 30-612] Post-Placement Estimated Congestion 
 ____________________________________________________
|           | Global Congestion | Short Congestion  |
| Direction | Region Size       | Region Size       |
|___________|___________________|___________________|
|      North|                1x1|                1x1|
|___________|___________________|___________________|
|      South|                1x1|                1x1|
|___________|___________________|___________________|
|       East|                1x1|                1x1|
|___________|___________________|___________________|
|       West|                1x1|                1x1|
|___________|___________________|___________________|

Phase 4.3.1 Print Estimated Congestion | Checksum: 1a65fa016

Time (s): cpu = 00:00:04 ; elapsed = 00:00:02 . Memory (MB): peak = 1929.188 ; gain = 0.000
Phase 4.3 Placer Reporting | Checksum: 1a65fa016

Time (s): cpu = 00:00:04 ; elapsed = 00:00:02 . Memory (MB): peak = 1929.188 ; gain = 0.000

Phase 4.4 Final Placement Cleanup
Netlist sorting complete. Time (s): cpu = 00:00:00 ; elapsed = 00:00:00.001 . Memory (MB): peak = 1929.188 ; gain = 0.000

Time (s): cpu = 00:00:04 ; elapsed = 00:00:02 . Memory (MB): peak = 1929.188 ; gain = 0.000
Phase 4 Post Placement Optimization and Clean-Up | Checksum: 22e2e489e

Time (s): cpu = 00:00:04 ; elapsed = 00:00:02 . Memory (MB): peak = 1929.188 ; gain = 0.000
Ending Placer Task | Checksum: 16be18cb0

Time (s): cpu = 00:00:04 ; elapsed = 00:00:02 . Memory (MB): peak = 1929.188 ; gain = 0.000
63 Infos, 0 Warnings, 0 Critical Warnings and 0 Errors encountered.
place_design completed successfully
INFO: [runtcl-4] Executing : report_io -file alchitry_top_io_placed.rpt
report_io: Time (s): cpu = 00:00:00 ; elapsed = 00:00:00.054 . Memory (MB): peak = 1929.188 ; gain = 0.000
INFO: [runtcl-4] Executing : report_utilization -file alchitry_top_utilization_placed.rpt -pb alchitry_top_utilization_placed.pb
INFO: [runtcl-4] Executing : report_control_sets -verbose -file alchitry_top_control_sets_placed.rpt
report_control_sets: Time (s): cpu = 00:00:00 ; elapsed = 00:00:00.004 . Memory (MB): peak = 1929.188 ; gain = 0.000
INFO: [Timing 38-480] Writing timing data to binary archive.
Write ShapeDB Complete: Time (s): cpu = 00:00:00 ; elapsed = 00:00:00.005 . Memory (MB): peak = 1929.188 ; gain = 0.000
Wrote PlaceDB: Time (s): cpu = 00:00:00 ; elapsed = 00:00:00.072 . Memory (MB): peak = 1929.188 ; gain = 0.000
Wrote PulsedLatchDB: Time (s): cpu = 00:00:00 ; elapsed = 00:00:00 . Memory (MB): peak = 1929.188 ; gain = 0.000
Writing XDEF routing.
Writing XDEF routing logical nets.
Writing XDEF routing special nets.
Wrote RouteStorage: Time (s): cpu = 00:00:00 ; elapsed = 00:00:00.019 . Memory (MB): peak = 1929.188 ; gain = 0.000
Wrote Netlist Cache: Time (s): cpu = 00:00:00 ; elapsed = 00:00:00.001 . Memory (MB): peak = 1929.188 ; gain = 0.000
Wrote Device Cache: Time (s): cpu = 00:00:00 ; elapsed = 00:00:00.005 . Memory (MB): peak = 1929.188 ; gain = 0.000
Write Physdb Complete: Time (s): cpu = 00:00:00 ; elapsed = 00:00:00.104 . Memory (MB): peak = 1929.188 ; gain = 0.000
INFO: [Common 17-1381] The checkpoint 'C:/Users/natasha/Desktop/1d-project-ci03-group-2-team-32-working-architecture/build/vivado/Working_bullet.runs/impl_1/alchitry_top_placed.dcp' has been generated.
Command: phys_opt_design
Attempting to get a license for feature 'Implementation' and/or device 'xc7a35t'
INFO: [Common 17-349] Got license for feature 'Implementation' and/or device 'xc7a35t'

Starting Initial Update Timing Task

Time (s): cpu = 00:00:01 ; elapsed = 00:00:00.109 . Memory (MB): peak = 1929.188 ; gain = 0.000
INFO: [Vivado_Tcl 4-383] Design worst setup slack (WNS) is greater than or equal to 0.000 ns. Skipping all physical synthesis optimizations.
INFO: [Vivado_Tcl 4-232] No setup violation found. The netlist was not modified.
INFO: [Common 17-83] Releasing license: Implementation
72 Infos, 0 Warnings, 0 Critical Warnings and 0 Errors encountered.
phys_opt_design completed successfully
INFO: [Timing 38-480] Writing timing data to binary archive.
Write ShapeDB Complete: Time (s): cpu = 00:00:00 ; elapsed = 00:00:00.004 . Memory (MB): peak = 1946.246 ; gain = 0.008
Wrote PlaceDB: Time (s): cpu = 00:00:00 ; elapsed = 00:00:00.059 . Memory (MB): peak = 1946.246 ; gain = 0.000
Wrote PulsedLatchDB: Time (s): cpu = 00:00:00 ; elapsed = 00:00:00 . Memory (MB): peak = 1946.246 ; gain = 0.000
Writing XDEF routing.
Writing XDEF routing logical nets.
Writing XDEF routing special nets.
Wrote RouteStorage: Time (s): cpu = 00:00:00 ; elapsed = 00:00:00.015 . Memory (MB): peak = 1946.246 ; gain = 0.000
Wrote Netlist Cache: Time (s): cpu = 00:00:00 ; elapsed = 00:00:00.001 . Memory (MB): peak = 1946.246 ; gain = 0.000
Wrote Device Cache: Time (s): cpu = 00:00:00 ; elapsed = 00:00:00.004 . Memory (MB): peak = 1946.246 ; gain = 0.000
Write Physdb Complete: Time (s): cpu = 00:00:00 ; elapsed = 00:00:00.086 . Memory (MB): peak = 1946.246 ; gain = 0.008
INFO: [Common 17-1381] The checkpoint 'C:/Users/natasha/Desktop/1d-project-ci03-group-2-team-32-working-architecture/build/vivado/Working_bullet.runs/impl_1/alchitry_top_physopt.dcp' has been generated.
Command: route_design
Attempting to get a license for feature 'Implementation' and/or device 'xc7a35t'
INFO: [Common 17-349] Got license for feature 'Implementation' and/or device 'xc7a35t'
Running DRC as a precondition to command route_design
INFO: [DRC 23-27] Running DRC with 2 threads
INFO: [Vivado_Tcl 4-198] DRC finished with 0 Errors
INFO: [Vivado_Tcl 4-199] Please refer to the DRC report (report_drc) for more information.


Starting Routing Task
INFO: [Route 35-254] Multithreading enabled for route_design using a maximum of 8 CPUs

Phase 1 Build RT Design
Checksum: PlaceDB: 7462fe06 ConstDB: 0 ShapeSum: f77e8eaa RouteDB: 0
Post Restoration Checksum: NetGraph: 55b4341c | NumContArr: dde1085a | Constraints: c2a8fa9d | Timing: c2a8fa9d
Phase 1 Build RT Design | Checksum: 2b8e731b0

Time (s): cpu = 00:00:18 ; elapsed = 00:00:16 . Memory (MB): peak = 2054.016 ; gain = 97.664

Phase 2 Router Initialization

Phase 2.1 Fix Topology Constraints
Phase 2.1 Fix Topology Constraints | Checksum: 2b8e731b0

Time (s): cpu = 00:00:18 ; elapsed = 00:00:16 . Memory (MB): peak = 2054.016 ; gain = 97.664

Phase 2.2 Pre Route Cleanup
Phase 2.2 Pre Route Cleanup | Checksum: 2b8e731b0

Time (s): cpu = 00:00:18 ; elapsed = 00:00:16 . Memory (MB): peak = 2054.016 ; gain = 97.664
 Number of Nodes with overlaps = 0

Phase 2.3 Update Timing
Phase 2.3 Update Timing | Checksum: 33897e25d

Time (s): cpu = 00:00:19 ; elapsed = 00:00:17 . Memory (MB): peak = 2089.496 ; gain = 133.145
INFO: [Route 35-416] Intermediate Timing Summary | WNS=61.881 | TNS=0.000  | WHS=-0.117 | THS=-2.883 |


Router Utilization Summary
  Global Vertical Routing Utilization    = 0 %
  Global Horizontal Routing Utilization  = 0 %
  Routable Net Status*
  *Does not include unroutable nets such as driverless and loadless.
  Run report_route_status for detailed report.
  Number of Failed Nets               = 1021
    (Failed Nets is the sum of unrouted and partially routed nets)
  Number of Unrouted Nets             = 1021
  Number of Partially Routed Nets     = 0
  Number of Node Overlaps             = 0

Phase 2 Router Initialization | Checksum: 2a284446b

Time (s): cpu = 00:00:19 ; elapsed = 00:00:17 . Memory (MB): peak = 2098.652 ; gain = 142.301

Phase 3 Initial Routing

Phase 3.1 Global Routing
Phase 3.1 Global Routing | Checksum: 2a284446b

Time (s): cpu = 00:00:19 ; elapsed = 00:00:17 . Memory (MB): peak = 2098.652 ; gain = 142.301

Phase 3.2 Initial Net Routing
Phase 3.2 Initial Net Routing | Checksum: 17a12a54b

Time (s): cpu = 00:00:20 ; elapsed = 00:00:17 . Memory (MB): peak = 2098.652 ; gain = 142.301
Phase 3 Initial Routing | Checksum: 17a12a54b

Time (s): cpu = 00:00:20 ; elapsed = 00:00:17 . Memory (MB): peak = 2098.652 ; gain = 142.301

Phase 4 Rip-up And Reroute

Phase 4.1 Global Iteration 0
 Number of Nodes with overlaps = 77
 Number of Nodes with overlaps = 0
INFO: [Route 35-416] Intermediate Timing Summary | WNS=60.329 | TNS=0.000  | WHS=N/A    | THS=N/A    |

Phase 4.1 Global Iteration 0 | Checksum: 27fdafada

Time (s): cpu = 00:00:20 ; elapsed = 00:00:17 . Memory (MB): peak = 2098.652 ; gain = 142.301
Phase 4 Rip-up And Reroute | Checksum: 27fdafada

Time (s): cpu = 00:00:20 ; elapsed = 00:00:17 . Memory (MB): peak = 2098.652 ; gain = 142.301

Phase 5 Delay and Skew Optimization

Phase 5.1 Delay CleanUp
Phase 5.1 Delay CleanUp | Checksum: 27fdafada

Time (s): cpu = 00:00:20 ; elapsed = 00:00:17 . Memory (MB): peak = 2098.652 ; gain = 142.301

Phase 5.2 Clock Skew Optimization
Phase 5.2 Clock Skew Optimization | Checksum: 27fdafada

Time (s): cpu = 00:00:20 ; elapsed = 00:00:17 . Memory (MB): peak = 2098.652 ; gain = 142.301
Phase 5 Delay and Skew Optimization | Checksum: 27fdafada

Time (s): cpu = 00:00:20 ; elapsed = 00:00:17 . Memory (MB): peak = 2098.652 ; gain = 142.301

Phase 6 Post Hold Fix

Phase 6.1 Hold Fix Iter

Phase 6.1.1 Update Timing
Phase 6.1.1 Update Timing | Checksum: 24edbe0af

Time (s): cpu = 00:00:20 ; elapsed = 00:00:17 . Memory (MB): peak = 2098.652 ; gain = 142.301
INFO: [Route 35-416] Intermediate Timing Summary | WNS=60.409 | TNS=0.000  | WHS=0.091  | THS=0.000  |

Phase 6.1 Hold Fix Iter | Checksum: 24edbe0af

Time (s): cpu = 00:00:20 ; elapsed = 00:00:17 . Memory (MB): peak = 2098.652 ; gain = 142.301
Phase 6 Post Hold Fix | Checksum: 24edbe0af

Time (s): cpu = 00:00:20 ; elapsed = 00:00:17 . Memory (MB): peak = 2098.652 ; gain = 142.301

Phase 7 Route finalize

Router Utilization Summary
  Global Vertical Routing Utilization    = 0.180021 %
  Global Horizontal Routing Utilization  = 0.22215 %
  Routable Net Status*
  *Does not include unroutable nets such as driverless and loadless.
  Run report_route_status for detailed report.
  Number of Failed Nets               = 0
    (Failed Nets is the sum of unrouted and partially routed nets)
  Number of Unrouted Nets             = 0
  Number of Partially Routed Nets     = 0
  Number of Node Overlaps             = 0

Phase 7 Route finalize | Checksum: 24edbe0af

Time (s): cpu = 00:00:20 ; elapsed = 00:00:17 . Memory (MB): peak = 2098.652 ; gain = 142.301

Phase 8 Verifying routed nets

 Verification completed successfully
Phase 8 Verifying routed nets | Checksum: 24edbe0af

Time (s): cpu = 00:00:20 ; elapsed = 00:00:17 . Memory (MB): peak = 2098.652 ; gain = 142.301

Phase 9 Depositing Routes
Phase 9 Depositing Routes | Checksum: 2884432a4

Time (s): cpu = 00:00:20 ; elapsed = 00:00:17 . Memory (MB): peak = 2098.652 ; gain = 142.301

Phase 10 Post Router Timing
INFO: [Route 35-57] Estimated Timing Summary | WNS=60.409 | TNS=0.000  | WHS=0.091  | THS=0.000  |

INFO: [Route 35-327] The final timing numbers are based on the router estimated timing analysis. For a complete and accurate timing signoff, please run report_timing_summary.
Phase 10 Post Router Timing | Checksum: 2884432a4

Time (s): cpu = 00:00:20 ; elapsed = 00:00:17 . Memory (MB): peak = 2098.652 ; gain = 142.301
INFO: [Route 35-16] Router Completed Successfully

Phase 11 Post-Route Event Processing
Phase 11 Post-Route Event Processing | Checksum: 1f4c7f1d2

Time (s): cpu = 00:00:20 ; elapsed = 00:00:18 . Memory (MB): peak = 2098.652 ; gain = 142.301
Ending Routing Task | Checksum: 1f4c7f1d2

Time (s): cpu = 00:00:20 ; elapsed = 00:00:18 . Memory (MB): peak = 2098.652 ; gain = 142.301

Routing Is Done.
INFO: [Common 17-83] Releasing license: Implementation
86 Infos, 0 Warnings, 0 Critical Warnings and 0 Errors encountered.
route_design completed successfully
route_design: Time (s): cpu = 00:00:21 ; elapsed = 00:00:18 . Memory (MB): peak = 2098.652 ; gain = 152.406
INFO: [runtcl-4] Executing : report_drc -file alchitry_top_drc_routed.rpt -pb alchitry_top_drc_routed.pb -rpx alchitry_top_drc_routed.rpx
Command: report_drc -file alchitry_top_drc_routed.rpt -pb alchitry_top_drc_routed.pb -rpx alchitry_top_drc_routed.rpx
INFO: [IP_Flow 19-1839] IP Catalog is up to date.
INFO: [DRC 23-27] Running DRC with 2 threads
INFO: [Vivado_Tcl 2-168] The results of DRC are in file C:/Users/natasha/Desktop/1d-project-ci03-group-2-team-32-working-architecture/build/vivado/Working_bullet.runs/impl_1/alchitry_top_drc_routed.rpt.
report_drc completed successfully
INFO: [runtcl-4] Executing : report_methodology -file alchitry_top_methodology_drc_routed.rpt -pb alchitry_top_methodology_drc_routed.pb -rpx alchitry_top_methodology_drc_routed.rpx
Command: report_methodology -file alchitry_top_methodology_drc_routed.rpt -pb alchitry_top_methodology_drc_routed.pb -rpx alchitry_top_methodology_drc_routed.rpx
INFO: [Timing 38-35] Done setting XDC timing constraints.
INFO: [DRC 23-133] Running Methodology with 2 threads
INFO: [Vivado_Tcl 2-1520] The results of Report Methodology are in file C:/Users/natasha/Desktop/1d-project-ci03-group-2-team-32-working-architecture/build/vivado/Working_bullet.runs/impl_1/alchitry_top_methodology_drc_routed.rpt.
report_methodology completed successfully
INFO: [runtcl-4] Executing : report_power -file alchitry_top_power_routed.rpt -pb alchitry_top_power_summary_routed.pb -rpx alchitry_top_power_routed.rpx
Command: report_power -file alchitry_top_power_routed.rpt -pb alchitry_top_power_summary_routed.pb -rpx alchitry_top_power_routed.rpx
INFO: [Timing 38-35] Done setting XDC timing constraints.
Running Vector-less Activity Propagation...

Finished Running Vector-less Activity Propagation
96 Infos, 0 Warnings, 0 Critical Warnings and 0 Errors encountered.
report_power completed successfully
INFO: [runtcl-4] Executing : report_route_status -file alchitry_top_route_status.rpt -pb alchitry_top_route_status.pb
INFO: [runtcl-4] Executing : report_timing_summary -max_paths 10 -report_unconstrained -file alchitry_top_timing_summary_routed.rpt -pb alchitry_top_timing_summary_routed.pb -rpx alchitry_top_timing_summary_routed.rpx -warn_on_violation 
INFO: [Timing 38-91] UpdateTimingParams: Speed grade: -1, Delay Type: min_max.
INFO: [Timing 38-191] Multithreading enabled for timing update using a maximum of 2 CPUs
INFO: [runtcl-4] Executing : report_incremental_reuse -file alchitry_top_incremental_reuse_routed.rpt
INFO: [Vivado_Tcl 4-1062] Incremental flow is disabled. No incremental reuse Info to report.
INFO: [runtcl-4] Executing : report_clock_utilization -file alchitry_top_clock_utilization_routed.rpt
INFO: [runtcl-4] Executing : report_bus_skew -warn_on_violation -file alchitry_top_bus_skew_routed.rpt -pb alchitry_top_bus_skew_routed.pb -rpx alchitry_top_bus_skew_routed.rpx
INFO: [Timing 38-91] UpdateTimingParams: Speed grade: -1, Delay Type: min_max.
INFO: [Timing 38-191] Multithreading enabled for timing update using a maximum of 2 CPUs
INFO: [Timing 38-480] Writing timing data to binary archive.
Write ShapeDB Complete: Time (s): cpu = 00:00:00 ; elapsed = 00:00:00.009 . Memory (MB): peak = 2099.215 ; gain = 0.000
Wrote PlaceDB: Time (s): cpu = 00:00:01 ; elapsed = 00:00:00.081 . Memory (MB): peak = 2099.215 ; gain = 0.000
Wrote PulsedLatchDB: Time (s): cpu = 00:00:00 ; elapsed = 00:00:00 . Memory (MB): peak = 2099.215 ; gain = 0.000
Writing XDEF routing.
Writing XDEF routing logical nets.
Writing XDEF routing special nets.
Wrote RouteStorage: Time (s): cpu = 00:00:00 ; elapsed = 00:00:00.027 . Memory (MB): peak = 2099.215 ; gain = 0.000
Wrote Netlist Cache: Time (s): cpu = 00:00:00 ; elapsed = 00:00:00.003 . Memory (MB): peak = 2099.215 ; gain = 0.000
Wrote Device Cache: Time (s): cpu = 00:00:00 ; elapsed = 00:00:00.012 . Memory (MB): peak = 2099.215 ; gain = 0.000
Write Physdb Complete: Time (s): cpu = 00:00:01 ; elapsed = 00:00:00.137 . Memory (MB): peak = 2099.215 ; gain = 0.000
INFO: [Common 17-1381] The checkpoint 'C:/Users/natasha/Desktop/1d-project-ci03-group-2-team-32-working-architecture/build/vivado/Working_bullet.runs/impl_1/alchitry_top_routed.dcp' has been generated.
Command: write_bitstream -force alchitry_top.bit -bin_file
Attempting to get a license for feature 'Implementation' and/or device 'xc7a35t'
INFO: [Common 17-349] Got license for feature 'Implementation' and/or device 'xc7a35t'
Running DRC as a precondition to command write_bitstream
INFO: [IP_Flow 19-1839] IP Catalog is up to date.
INFO: [DRC 23-27] Running DRC with 2 threads
INFO: [Vivado 12-3199] DRC finished with 0 Errors
INFO: [Vivado 12-3200] Please refer to the DRC report (report_drc) for more information.
INFO: [Designutils 20-2272] Running write_bitstream with 2 threads.
Loading data files...
Loading site data...
Loading route data...
Processing options...
Creating bitmap...
Creating bitstream...
Bitstream compression saved 13140448 bits.
Writing bitstream ./alchitry_top.bit...
Writing bitstream ./alchitry_top.bin...
INFO: [Vivado 12-1842] Bitgen Completed Successfully.
INFO: [Project 1-1876] WebTalk data collection is mandatory when using a ULT device. To see the specific WebTalk data collected for your design, open the usage_statistics_webtalk.html or usage_statistics_webtalk.xml file in the implementation directory.
INFO: [Common 17-83] Releasing license: Implementation
14 Infos, 0 Warnings, 0 Critical Warnings and 0 Errors encountered.
write_bitstream completed successfully
write_bitstream: Time (s): cpu = 00:00:10 ; elapsed = 00:00:09 . Memory (MB): peak = 2526.520 ; gain = 427.305
INFO: [Common 17-206] Exiting Vivado at Fri Apr 11 16:13:34 2025...
